{"C:\\Users\\y-nakamachi\\Desktop\\ポートフォリオ\\genba-react\\src\\components\\CompareModal.tsx": {"path":"C:\\Users\\y-nakamachi\\Desktop\\ポートフォリオ\\genba-react\\src\\components\\CompareModal.tsx","statementMap":{"0":{"start":{"line":13,"column":16},"end":{"line":13,"column":40}},"1":{"start":{"line":14,"column":10},"end":{"line":14,"column":34}},"2":{"start":{"line":17,"column":4},"end":{"line":19,"column":null}},"3":{"start":{"line":18,"column":6},"end":{"line":18,"column":null}},"4":{"start":{"line":19,"column":6},"end":{"line":19,"column":null}},"5":{"start":{"line":21,"column":4},"end":{"line":21,"column":null}},"6":{"start":{"line":24,"column":2},"end":{"line":75,"column":null}},"7":{"start":{"line":26,"column":113},"end":{"line":26,"column":132}},"8":{"start":{"line":67,"column":25},"end":{"line":67,"column":49}}},"fnMap":{"0":{"name":"CompareModal","decl":{"start":{"line":12,"column":24},"end":{"line":12,"column":37}},"loc":{"start":{"line":12,"column":84},"end":{"line":75,"column":null}},"line":12},"1":{"name":"handleSave","decl":{"start":{"line":16,"column":11},"end":{"line":16,"column":24}},"loc":{"start":{"line":16,"column":24},"end":{"line":21,"column":null}},"line":16},"2":{"name":"(anonymous_2)","decl":{"start":{"line":26,"column":99},"end":{"line":26,"column":108}},"loc":{"start":{"line":26,"column":113},"end":{"line":26,"column":132}},"line":26},"3":{"name":"(anonymous_3)","decl":{"start":{"line":67,"column":10},"end":{"line":67,"column":20}},"loc":{"start":{"line":67,"column":25},"end":{"line":67,"column":49}},"line":67}},"branchMap":{"0":{"loc":{"start":{"line":17,"column":4},"end":{"line":19,"column":null}},"type":"if","locations":[{"start":{"line":17,"column":4},"end":{"line":19,"column":null}},{"start":{},"end":{}}],"line":17}},"s":{"0":11,"1":11,"2":2,"3":1,"4":1,"5":1,"6":11,"7":4,"8":5},"f":{"0":11,"1":2,"2":4,"3":5},"b":{"0":[1,1]},"meta":{"lastBranch":1,"lastFunction":4,"lastStatement":9,"seen":{"f:12:24:12:37":0,"s:13:16:13:40":0,"s:14:10:14:34":1,"f:16:11:16:24":1,"b:17:4:19:Infinity:undefined:undefined:undefined:undefined":0,"s:17:4:19:Infinity":2,"s:18:6:18:Infinity":3,"s:19:6:19:Infinity":4,"s:21:4:21:Infinity":5,"s:24:2:75:Infinity":6,"f:26:99:26:108":2,"s:26:113:26:132":7,"f:67:10:67:20":3,"s:67:25:67:49":8}}}
,"C:\\Users\\y-nakamachi\\Desktop\\ポートフォリオ\\genba-react\\src\\components\\DataList.tsx": {"path":"C:\\Users\\y-nakamachi\\Desktop\\ポートフォリオ\\genba-react\\src\\components\\DataList.tsx","statementMap":{"0":{"start":{"line":21,"column":23},"end":{"line":21,"column":71}},"1":{"start":{"line":22,"column":8},"end":{"line":22,"column":32}},"2":{"start":{"line":25,"column":4},"end":{"line":25,"column":null}},"3":{"start":{"line":29,"column":4},"end":{"line":31,"column":null}},"4":{"start":{"line":30,"column":6},"end":{"line":30,"column":null}},"5":{"start":{"line":31,"column":6},"end":{"line":31,"column":null}},"6":{"start":{"line":35,"column":2},"end":{"line":92,"column":null}},"7":{"start":{"line":43,"column":12},"end":{"line":90,"column":null}},"8":{"start":{"line":81,"column":69},"end":{"line":81,"column":90}},"9":{"start":{"line":86,"column":70},"end":{"line":86,"column":83}},"10":{"start":{"line":87,"column":70},"end":{"line":87,"column":86}},"11":{"start":{"line":88,"column":93},"end":{"line":88,"column":117}}},"fnMap":{"0":{"name":"DataList","decl":{"start":{"line":14,"column":24},"end":{"line":14,"column":33}},"loc":{"start":{"line":20,"column":10},"end":{"line":92,"column":null}},"line":20},"1":{"name":"handleDeleteClick","decl":{"start":{"line":24,"column":11},"end":{"line":24,"column":29}},"loc":{"start":{"line":24,"column":44},"end":{"line":25,"column":null}},"line":24},"2":{"name":"handleConfirmDelete","decl":{"start":{"line":28,"column":11},"end":{"line":28,"column":33}},"loc":{"start":{"line":28,"column":33},"end":{"line":31,"column":null}},"line":28},"3":{"name":"(anonymous_3)","decl":{"start":{"line":42,"column":24},"end":{"line":42,"column":29}},"loc":{"start":{"line":43,"column":12},"end":{"line":90,"column":null}},"line":43},"4":{"name":"(anonymous_4)","decl":{"start":{"line":81,"column":54},"end":{"line":81,"column":69}},"loc":{"start":{"line":81,"column":69},"end":{"line":81,"column":90}},"line":81},"5":{"name":"(anonymous_5)","decl":{"start":{"line":86,"column":55},"end":{"line":86,"column":70}},"loc":{"start":{"line":86,"column":70},"end":{"line":86,"column":83}},"line":86},"6":{"name":"(anonymous_6)","decl":{"start":{"line":87,"column":55},"end":{"line":87,"column":70}},"loc":{"start":{"line":87,"column":70},"end":{"line":87,"column":86}},"line":87},"7":{"name":"(anonymous_7)","decl":{"start":{"line":88,"column":78},"end":{"line":88,"column":93}},"loc":{"start":{"line":88,"column":93},"end":{"line":88,"column":117}},"line":88}},"branchMap":{"0":{"loc":{"start":{"line":29,"column":4},"end":{"line":31,"column":null}},"type":"if","locations":[{"start":{"line":29,"column":4},"end":{"line":31,"column":null}},{"start":{},"end":{}}],"line":29},"1":{"loc":{"start":{"line":38,"column":7},"end":{"line":92,"column":null}},"type":"cond-expr","locations":[{"start":{"line":39,"column":8},"end":{"line":41,"column":9}},{"start":{"line":41,"column":8},"end":{"line":92,"column":null}}],"line":38},"2":{"loc":{"start":{"line":43,"column":41},"end":{"line":43,"column":null}},"type":"cond-expr","locations":[{"start":{"line":43,"column":71},"end":{"line":43,"column":84}},{"start":{"line":43,"column":84},"end":{"line":43,"column":null}}],"line":43},"3":{"loc":{"start":{"line":48,"column":20},"end":{"line":49,"column":null}},"type":"binary-expr","locations":[{"start":{"line":48,"column":20},"end":{"line":48,"column":38}},{"start":{"line":48,"column":38},"end":{"line":48,"column":null}},{"start":{"line":49,"column":20},"end":{"line":49,"column":null}}],"line":48},"4":{"loc":{"start":{"line":49,"column":49},"end":{"line":49,"column":75}},"type":"binary-expr","locations":[{"start":{"line":49,"column":49},"end":{"line":49,"column":67}},{"start":{"line":49,"column":67},"end":{"line":49,"column":75}}],"line":49},"5":{"loc":{"start":{"line":49,"column":79},"end":{"line":49,"column":null}},"type":"binary-expr","locations":[{"start":{"line":49,"column":79},"end":{"line":49,"column":95}},{"start":{"line":49,"column":95},"end":{"line":49,"column":null}}],"line":49},"6":{"loc":{"start":{"line":70,"column":18},"end":{"line":74,"column":null}},"type":"binary-expr","locations":[{"start":{"line":70,"column":18},"end":{"line":70,"column":31}},{"start":{"line":70,"column":31},"end":{"line":70,"column":44}},{"start":{"line":70,"column":44},"end":{"line":70,"column":null}},{"start":{"line":71,"column":18},"end":{"line":74,"column":null}}],"line":70},"7":{"loc":{"start":{"line":72,"column":21},"end":{"line":72,"column":null}},"type":"binary-expr","locations":[{"start":{"line":72,"column":21},"end":{"line":72,"column":34}},{"start":{"line":72,"column":34},"end":{"line":72,"column":null}}],"line":72},"8":{"loc":{"start":{"line":73,"column":21},"end":{"line":73,"column":null}},"type":"binary-expr","locations":[{"start":{"line":73,"column":21},"end":{"line":73,"column":34}},{"start":{"line":73,"column":34},"end":{"line":73,"column":null}}],"line":73},"9":{"loc":{"start":{"line":74,"column":21},"end":{"line":74,"column":null}},"type":"binary-expr","locations":[{"start":{"line":74,"column":21},"end":{"line":74,"column":42}},{"start":{"line":74,"column":42},"end":{"line":74,"column":null}}],"line":74},"10":{"loc":{"start":{"line":77,"column":17},"end":{"line":81,"column":null}},"type":"binary-expr","locations":[{"start":{"line":77,"column":17},"end":{"line":77,"column":null}},{"start":{"line":78,"column":18},"end":{"line":81,"column":null}}],"line":77}},"s":{"0":10,"1":10,"2":3,"3":1,"4":1,"5":1,"6":10,"7":18,"8":1,"9":0,"10":0,"11":3},"f":{"0":10,"1":3,"2":1,"3":18,"4":1,"5":0,"6":0,"7":3},"b":{"0":[1,0],"1":[1,9],"2":[0,18],"3":[18,18,0],"4":[0,0],"5":[0,0],"6":[18,0,0,18],"7":[18,18],"8":[18,0],"9":[18,0],"10":[18,3]},"meta":{"lastBranch":11,"lastFunction":8,"lastStatement":12,"seen":{"f:14:24:14:33":0,"s:21:23:21:71":0,"s:22:8:22:32":1,"f:24:11:24:29":1,"s:25:4:25:Infinity":2,"f:28:11:28:33":2,"b:29:4:31:Infinity:undefined:undefined:undefined:undefined":0,"s:29:4:31:Infinity":3,"s:30:6:30:Infinity":4,"s:31:6:31:Infinity":5,"s:35:2:92:Infinity":6,"b:39:8:41:9:41:8:92:Infinity":1,"f:42:24:42:29":3,"s:43:12:90:Infinity":7,"b:43:71:43:84:43:84:43:Infinity":2,"b:48:20:48:38:48:38:48:Infinity:49:20:49:Infinity":3,"b:49:49:49:67:49:67:49:75":4,"b:49:79:49:95:49:95:49:Infinity":5,"b:70:18:70:31:70:31:70:44:70:44:70:Infinity:71:18:74:Infinity":6,"b:72:21:72:34:72:34:72:Infinity":7,"b:73:21:73:34:73:34:73:Infinity":8,"b:74:21:74:42:74:42:74:Infinity":9,"b:77:17:77:Infinity:78:18:81:Infinity":10,"f:81:54:81:69":4,"s:81:69:81:90":8,"f:86:55:86:70":5,"s:86:70:86:83":9,"f:87:55:87:70":6,"s:87:70:87:86":10,"f:88:78:88:93":7,"s:88:93:88:117":11}}}
,"C:\\Users\\y-nakamachi\\Desktop\\ポートフォリオ\\genba-react\\src\\components\\InputForm.tsx": {"path":"C:\\Users\\y-nakamachi\\Desktop\\ポートフォリオ\\genba-react\\src\\components\\InputForm.tsx","statementMap":{"0":{"start":{"line":9,"column":18},"end":{"line":19,"column":null}},"1":{"start":{"line":26,"column":15},"end":{"line":26,"column":45}},"2":{"start":{"line":27,"column":31},"end":{"line":27,"column":73}},"3":{"start":{"line":28,"column":10},"end":{"line":28,"column":34}},"4":{"start":{"line":30,"column":18},"end":{"line":30,"column":46}},"5":{"start":{"line":31,"column":16},"end":{"line":31,"column":42}},"6":{"start":{"line":32,"column":21},"end":{"line":32,"column":76}},"7":{"start":{"line":33,"column":19},"end":{"line":33,"column":70}},"8":{"start":{"line":34,"column":21},"end":{"line":34,"column":null}},"9":{"start":{"line":35,"column":28},"end":{"line":35,"column":null}},"10":{"start":{"line":37,"column":21},"end":{"line":37,"column":62}},"11":{"start":{"line":38,"column":25},"end":{"line":38,"column":null}},"12":{"start":{"line":39,"column":28},"end":{"line":39,"column":92}},"13":{"start":{"line":42,"column":4},"end":{"line":47,"column":null}},"14":{"start":{"line":42,"column":21},"end":{"line":47,"column":7}},"15":{"start":{"line":48,"column":4},"end":{"line":48,"column":null}},"16":{"start":{"line":52,"column":63},"end":{"line":52,"column":null}},"17":{"start":{"line":53,"column":4},"end":{"line":55,"column":null}},"18":{"start":{"line":54,"column":6},"end":{"line":54,"column":null}},"19":{"start":{"line":55,"column":6},"end":{"line":55,"column":null}},"20":{"start":{"line":57,"column":15},"end":{"line":57,"column":null}},"21":{"start":{"line":58,"column":16},"end":{"line":58,"column":32}},"22":{"start":{"line":59,"column":15},"end":{"line":59,"column":27}},"23":{"start":{"line":60,"column":4},"end":{"line":62,"column":null}},"24":{"start":{"line":61,"column":6},"end":{"line":61,"column":null}},"25":{"start":{"line":62,"column":6},"end":{"line":62,"column":null}},"26":{"start":{"line":64,"column":4},"end":{"line":77,"column":null}},"27":{"start":{"line":78,"column":4},"end":{"line":78,"column":null}},"28":{"start":{"line":82,"column":4},"end":{"line":84,"column":null}},"29":{"start":{"line":83,"column":6},"end":{"line":83,"column":null}},"30":{"start":{"line":84,"column":6},"end":{"line":84,"column":null}},"31":{"start":{"line":87,"column":4},"end":{"line":87,"column":null}},"32":{"start":{"line":88,"column":4},"end":{"line":112,"column":null}},"33":{"start":{"line":89,"column":6},"end":{"line":104,"column":null}},"34":{"start":{"line":90,"column":23},"end":{"line":90,"column":118}},"35":{"start":{"line":91,"column":8},"end":{"line":95,"column":null}},"36":{"start":{"line":91,"column":25},"end":{"line":95,"column":11}},"37":{"start":{"line":96,"column":8},"end":{"line":96,"column":null}},"38":{"start":{"line":98,"column":27},"end":{"line":98,"column":80}},"39":{"start":{"line":99,"column":8},"end":{"line":103,"column":null}},"40":{"start":{"line":99,"column":25},"end":{"line":103,"column":11}},"41":{"start":{"line":104,"column":8},"end":{"line":104,"column":null}},"42":{"start":{"line":107,"column":27},"end":{"line":107,"column":null}},"43":{"start":{"line":108,"column":18},"end":{"line":108,"column":null}},"44":{"start":{"line":109,"column":22},"end":{"line":109,"column":null}},"45":{"start":{"line":109,"column":45},"end":{"line":109,"column":60}},"46":{"start":{"line":110,"column":6},"end":{"line":110,"column":null}},"47":{"start":{"line":112,"column":6},"end":{"line":112,"column":null}},"48":{"start":{"line":116,"column":2},"end":{"line":238,"column":null}},"49":{"start":{"line":128,"column":29},"end":{"line":128,"column":null}},"50":{"start":{"line":135,"column":31},"end":{"line":135,"column":null}},"51":{"start":{"line":146,"column":33},"end":{"line":146,"column":null}},"52":{"start":{"line":155,"column":31},"end":{"line":155,"column":null}},"53":{"start":{"line":165,"column":33},"end":{"line":165,"column":null}},"54":{"start":{"line":174,"column":31},"end":{"line":174,"column":null}},"55":{"start":{"line":216,"column":29},"end":{"line":216,"column":null}},"56":{"start":{"line":227,"column":29},"end":{"line":227,"column":null}}},"fnMap":{"0":{"name":"InputForm","decl":{"start":{"line":25,"column":24},"end":{"line":25,"column":34}},"loc":{"start":{"line":25,"column":52},"end":{"line":238,"column":null}},"line":25},"1":{"name":"applyCalculatedValues","decl":{"start":{"line":41,"column":11},"end":{"line":41,"column":33}},"loc":{"start":{"line":41,"column":91},"end":{"line":48,"column":null}},"line":41},"2":{"name":"(anonymous_2)","decl":{"start":{"line":42,"column":4},"end":{"line":42,"column":12}},"loc":{"start":{"line":42,"column":21},"end":{"line":47,"column":7}},"line":42},"3":{"name":"handleSubmit","decl":{"start":{"line":51,"column":11},"end":{"line":51,"column":26}},"loc":{"start":{"line":51,"column":26},"end":{"line":78,"column":null}},"line":51},"4":{"name":"handleFetchWaterLevel","decl":{"start":{"line":81,"column":17},"end":{"line":81,"column":41}},"loc":{"start":{"line":81,"column":41},"end":{"line":112,"column":null}},"line":81},"5":{"name":"(anonymous_5)","decl":{"start":{"line":91,"column":8},"end":{"line":91,"column":16}},"loc":{"start":{"line":91,"column":25},"end":{"line":95,"column":11}},"line":91},"6":{"name":"(anonymous_6)","decl":{"start":{"line":99,"column":8},"end":{"line":99,"column":16}},"loc":{"start":{"line":99,"column":25},"end":{"line":103,"column":11}},"line":99},"7":{"name":"(anonymous_7)","decl":{"start":{"line":109,"column":35},"end":{"line":109,"column":40}},"loc":{"start":{"line":109,"column":45},"end":{"line":109,"column":60}},"line":109},"8":{"name":"(anonymous_8)","decl":{"start":{"line":128,"column":14},"end":{"line":128,"column":24}},"loc":{"start":{"line":128,"column":29},"end":{"line":128,"column":null}},"line":128},"9":{"name":"(anonymous_9)","decl":{"start":{"line":135,"column":12},"end":{"line":135,"column":22}},"loc":{"start":{"line":135,"column":31},"end":{"line":135,"column":null}},"line":135},"10":{"name":"(anonymous_10)","decl":{"start":{"line":146,"column":14},"end":{"line":146,"column":24}},"loc":{"start":{"line":146,"column":33},"end":{"line":146,"column":null}},"line":146},"11":{"name":"(anonymous_11)","decl":{"start":{"line":155,"column":16},"end":{"line":155,"column":26}},"loc":{"start":{"line":155,"column":31},"end":{"line":155,"column":null}},"line":155},"12":{"name":"(anonymous_12)","decl":{"start":{"line":165,"column":14},"end":{"line":165,"column":24}},"loc":{"start":{"line":165,"column":33},"end":{"line":165,"column":null}},"line":165},"13":{"name":"(anonymous_13)","decl":{"start":{"line":174,"column":16},"end":{"line":174,"column":26}},"loc":{"start":{"line":174,"column":31},"end":{"line":174,"column":null}},"line":174},"14":{"name":"(anonymous_14)","decl":{"start":{"line":216,"column":14},"end":{"line":216,"column":24}},"loc":{"start":{"line":216,"column":29},"end":{"line":216,"column":null}},"line":216},"15":{"name":"(anonymous_15)","decl":{"start":{"line":227,"column":14},"end":{"line":227,"column":24}},"loc":{"start":{"line":227,"column":29},"end":{"line":227,"column":null}},"line":227}},"branchMap":{"0":{"loc":{"start":{"line":32,"column":21},"end":{"line":32,"column":76}},"type":"binary-expr","locations":[{"start":{"line":32,"column":21},"end":{"line":32,"column":52}},{"start":{"line":32,"column":52},"end":{"line":32,"column":76}}],"line":32},"1":{"loc":{"start":{"line":33,"column":19},"end":{"line":33,"column":70}},"type":"binary-expr","locations":[{"start":{"line":33,"column":19},"end":{"line":33,"column":48}},{"start":{"line":33,"column":48},"end":{"line":33,"column":70}}],"line":33},"2":{"loc":{"start":{"line":34,"column":21},"end":{"line":34,"column":null}},"type":"cond-expr","locations":[{"start":{"line":34,"column":35},"end":{"line":34,"column":70}},{"start":{"line":34,"column":70},"end":{"line":34,"column":null}}],"line":34},"3":{"loc":{"start":{"line":34,"column":21},"end":{"line":34,"column":47}},"type":"binary-expr","locations":[{"start":{"line":34,"column":21},"end":{"line":34,"column":35}},{"start":{"line":34,"column":35},"end":{"line":34,"column":47}}],"line":34},"4":{"loc":{"start":{"line":34,"column":70},"end":{"line":34,"column":null}},"type":"cond-expr","locations":[{"start":{"line":34,"column":83},"end":{"line":34,"column":93}},{"start":{"line":34,"column":93},"end":{"line":34,"column":null}}],"line":34},"5":{"loc":{"start":{"line":34,"column":93},"end":{"line":34,"column":null}},"type":"cond-expr","locations":[{"start":{"line":34,"column":104},"end":{"line":34,"column":112}},{"start":{"line":34,"column":112},"end":{"line":34,"column":null}}],"line":34},"6":{"loc":{"start":{"line":35,"column":28},"end":{"line":35,"column":null}},"type":"cond-expr","locations":[{"start":{"line":35,"column":49},"end":{"line":35,"column":85}},{"start":{"line":35,"column":85},"end":{"line":35,"column":null}}],"line":35},"7":{"loc":{"start":{"line":38,"column":25},"end":{"line":38,"column":null}},"type":"cond-expr","locations":[{"start":{"line":38,"column":37},"end":{"line":38,"column":54}},{"start":{"line":38,"column":57},"end":{"line":38,"column":null}}],"line":38},"8":{"loc":{"start":{"line":39,"column":28},"end":{"line":39,"column":92}},"type":"binary-expr","locations":[{"start":{"line":39,"column":28},"end":{"line":39,"column":57}},{"start":{"line":39,"column":61},"end":{"line":39,"column":92}}],"line":39},"9":{"loc":{"start":{"line":53,"column":4},"end":{"line":55,"column":null}},"type":"if","locations":[{"start":{"line":53,"column":4},"end":{"line":55,"column":null}},{"start":{},"end":{}}],"line":53},"10":{"loc":{"start":{"line":53,"column":8},"end":{"line":53,"column":24}},"type":"binary-expr","locations":[{"start":{"line":53,"column":8},"end":{"line":53,"column":17}},{"start":{"line":53,"column":17},"end":{"line":53,"column":24}}],"line":53},"11":{"loc":{"start":{"line":57,"column":15},"end":{"line":57,"column":null}},"type":"binary-expr","locations":[{"start":{"line":57,"column":15},"end":{"line":57,"column":36}},{"start":{"line":57,"column":36},"end":{"line":57,"column":null}}],"line":57},"12":{"loc":{"start":{"line":60,"column":4},"end":{"line":62,"column":null}},"type":"if","locations":[{"start":{"line":60,"column":4},"end":{"line":62,"column":null}},{"start":{},"end":{}}],"line":60},"13":{"loc":{"start":{"line":60,"column":8},"end":{"line":60,"column":31}},"type":"binary-expr","locations":[{"start":{"line":60,"column":8},"end":{"line":60,"column":18}},{"start":{"line":60,"column":22},"end":{"line":60,"column":31}}],"line":60},"14":{"loc":{"start":{"line":75,"column":12},"end":{"line":75,"column":46}},"type":"binary-expr","locations":[{"start":{"line":75,"column":12},"end":{"line":75,"column":26}},{"start":{"line":75,"column":17},"end":{"line":75,"column":46}}],"line":75},"15":{"loc":{"start":{"line":82,"column":4},"end":{"line":84,"column":null}},"type":"if","locations":[{"start":{"line":82,"column":4},"end":{"line":84,"column":null}},{"start":{},"end":{}}],"line":82},"16":{"loc":{"start":{"line":82,"column":8},"end":{"line":82,"column":34}},"type":"binary-expr","locations":[{"start":{"line":82,"column":8},"end":{"line":82,"column":22}},{"start":{"line":82,"column":22},"end":{"line":82,"column":34}}],"line":82},"17":{"loc":{"start":{"line":89,"column":6},"end":{"line":104,"column":null}},"type":"if","locations":[{"start":{"line":89,"column":6},"end":{"line":104,"column":null}},{"start":{"line":97,"column":13},"end":{"line":104,"column":null}}],"line":89},"18":{"loc":{"start":{"line":89,"column":10},"end":{"line":89,"column":42}},"type":"binary-expr","locations":[{"start":{"line":89,"column":10},"end":{"line":89,"column":28}},{"start":{"line":89,"column":28},"end":{"line":89,"column":42}}],"line":89},"19":{"loc":{"start":{"line":93,"column":27},"end":{"line":93,"column":null}},"type":"cond-expr","locations":[{"start":{"line":93,"column":55},"end":{"line":93,"column":83}},{"start":{"line":93,"column":86},"end":{"line":93,"column":null}}],"line":93},"20":{"loc":{"start":{"line":94,"column":25},"end":{"line":94,"column":null}},"type":"cond-expr","locations":[{"start":{"line":94,"column":51},"end":{"line":94,"column":77}},{"start":{"line":94,"column":80},"end":{"line":94,"column":null}}],"line":94},"21":{"loc":{"start":{"line":108,"column":18},"end":{"line":108,"column":null}},"type":"cond-expr","locations":[{"start":{"line":108,"column":43},"end":{"line":108,"column":59}},{"start":{"line":108,"column":59},"end":{"line":108,"column":null}}],"line":108},"22":{"loc":{"start":{"line":109,"column":22},"end":{"line":109,"column":null}},"type":"binary-expr","locations":[{"start":{"line":109,"column":22},"end":{"line":109,"column":61}},{"start":{"line":109,"column":65},"end":{"line":109,"column":null}}],"line":109},"23":{"loc":{"start":{"line":123,"column":43},"end":{"line":123,"column":null}},"type":"cond-expr","locations":[{"start":{"line":123,"column":55},"end":{"line":123,"column":67}},{"start":{"line":123,"column":67},"end":{"line":123,"column":null}}],"line":123},"24":{"loc":{"start":{"line":148,"column":45},"end":{"line":148,"column":null}},"type":"cond-expr","locations":[{"start":{"line":148,"column":68},"end":{"line":148,"column":80}},{"start":{"line":148,"column":80},"end":{"line":148,"column":null}}],"line":148},"25":{"loc":{"start":{"line":167,"column":45},"end":{"line":167,"column":null}},"type":"cond-expr","locations":[{"start":{"line":167,"column":66},"end":{"line":167,"column":78}},{"start":{"line":167,"column":78},"end":{"line":167,"column":null}}],"line":167},"26":{"loc":{"start":{"line":189,"column":13},"end":{"line":192,"column":null}},"type":"cond-expr","locations":[{"start":{"line":190,"column":14},"end":{"line":190,"column":null}},{"start":{"line":192,"column":14},"end":{"line":192,"column":null}}],"line":189},"27":{"loc":{"start":{"line":195,"column":11},"end":{"line":197,"column":null}},"type":"binary-expr","locations":[{"start":{"line":195,"column":11},"end":{"line":195,"column":null}},{"start":{"line":196,"column":12},"end":{"line":197,"column":null}}],"line":195},"28":{"loc":{"start":{"line":209,"column":43},"end":{"line":209,"column":null}},"type":"cond-expr","locations":[{"start":{"line":209,"column":59},"end":{"line":209,"column":71}},{"start":{"line":209,"column":71},"end":{"line":209,"column":null}}],"line":209},"29":{"loc":{"start":{"line":220,"column":43},"end":{"line":220,"column":null}},"type":"cond-expr","locations":[{"start":{"line":220,"column":55},"end":{"line":220,"column":67}},{"start":{"line":220,"column":67},"end":{"line":220,"column":null}}],"line":220},"30":{"loc":{"start":{"line":234,"column":19},"end":{"line":234,"column":81}},"type":"cond-expr","locations":[{"start":{"line":234,"column":39},"end":{"line":234,"column":64}},{"start":{"line":234,"column":67},"end":{"line":234,"column":81}}],"line":234}},"s":{"0":1,"1":23,"2":23,"3":23,"4":23,"5":23,"6":23,"7":23,"8":23,"9":23,"10":23,"11":23,"12":23,"13":0,"14":0,"15":0,"16":3,"17":3,"18":1,"19":1,"20":2,"21":3,"22":3,"23":3,"24":0,"25":0,"26":2,"27":3,"28":0,"29":0,"30":0,"31":0,"32":0,"33":0,"34":0,"35":0,"36":0,"37":0,"38":0,"39":0,"40":0,"41":0,"42":0,"43":0,"44":0,"45":0,"46":0,"47":0,"48":23,"49":7,"50":2,"51":0,"52":4,"53":0,"54":0,"55":2,"56":2},"f":{"0":23,"1":0,"2":0,"3":3,"4":0,"5":0,"6":0,"7":0,"8":7,"9":2,"10":0,"11":4,"12":0,"13":0,"14":2,"15":2},"b":{"0":[23,8],"1":[23,0],"2":[0,23],"3":[23,8],"4":[8,15],"5":[0,15],"6":[8,15],"7":[0,23],"8":[23,23],"9":[1,2],"10":[3,2],"11":[2,0],"12":[0,3],"13":[3,2],"14":[2,2],"15":[0,0],"16":[0,0],"17":[0,0],"18":[0,0],"19":[0,0],"20":[0,0],"21":[0,0],"22":[0,0],"23":[17,6],"24":[8,15],"25":[0,23],"26":[0,23],"27":[23,8],"28":[4,19],"29":[2,21],"30":[23,0]},"meta":{"lastBranch":31,"lastFunction":16,"lastStatement":57,"seen":{"s:9:18:19:Infinity":0,"f:25:24:25:34":0,"s:26:15:26:45":1,"s:27:31:27:73":2,"s:28:10:28:34":3,"s:30:18:30:46":4,"s:31:16:31:42":5,"s:32:21:32:76":6,"b:32:21:32:52:32:52:32:76":0,"s:33:19:33:70":7,"b:33:19:33:48:33:48:33:70":1,"s:34:21:34:Infinity":8,"b:34:35:34:70:34:70:34:Infinity":2,"b:34:21:34:35:34:35:34:47":3,"b:34:83:34:93:34:93:34:Infinity":4,"b:34:104:34:112:34:112:34:Infinity":5,"s:35:28:35:Infinity":9,"b:35:49:35:85:35:85:35:Infinity":6,"s:37:21:37:62":10,"s:38:25:38:Infinity":11,"b:38:37:38:54:38:57:38:Infinity":7,"s:39:28:39:92":12,"b:39:28:39:57:39:61:39:92":8,"f:41:11:41:33":1,"s:42:4:47:Infinity":13,"f:42:4:42:12":2,"s:42:21:47:7":14,"s:48:4:48:Infinity":15,"f:51:11:51:26":3,"s:52:63:52:Infinity":16,"b:53:4:55:Infinity:undefined:undefined:undefined:undefined":9,"s:53:4:55:Infinity":17,"b:53:8:53:17:53:17:53:24":10,"s:54:6:54:Infinity":18,"s:55:6:55:Infinity":19,"s:57:15:57:Infinity":20,"b:57:15:57:36:57:36:57:Infinity":11,"s:58:16:58:32":21,"s:59:15:59:27":22,"b:60:4:62:Infinity:undefined:undefined:undefined:undefined":12,"s:60:4:62:Infinity":23,"b:60:8:60:18:60:22:60:31":13,"s:61:6:61:Infinity":24,"s:62:6:62:Infinity":25,"s:64:4:77:Infinity":26,"b:75:12:75:26:75:17:75:46":14,"s:78:4:78:Infinity":27,"f:81:17:81:41":4,"b:82:4:84:Infinity:undefined:undefined:undefined:undefined":15,"s:82:4:84:Infinity":28,"b:82:8:82:22:82:22:82:34":16,"s:83:6:83:Infinity":29,"s:84:6:84:Infinity":30,"s:87:4:87:Infinity":31,"s:88:4:112:Infinity":32,"b:89:6:104:Infinity:97:13:104:Infinity":17,"s:89:6:104:Infinity":33,"b:89:10:89:28:89:28:89:42":18,"s:90:23:90:118":34,"s:91:8:95:Infinity":35,"f:91:8:91:16":5,"s:91:25:95:11":36,"b:93:55:93:83:93:86:93:Infinity":19,"b:94:51:94:77:94:80:94:Infinity":20,"s:96:8:96:Infinity":37,"s:98:27:98:80":38,"s:99:8:103:Infinity":39,"f:99:8:99:16":6,"s:99:25:103:11":40,"s:104:8:104:Infinity":41,"s:107:27:107:Infinity":42,"s:108:18:108:Infinity":43,"b:108:43:108:59:108:59:108:Infinity":21,"s:109:22:109:Infinity":44,"b:109:22:109:61:109:65:109:Infinity":22,"f:109:35:109:40":7,"s:109:45:109:60":45,"s:110:6:110:Infinity":46,"s:112:6:112:Infinity":47,"s:116:2:238:Infinity":48,"b:123:55:123:67:123:67:123:Infinity":23,"f:128:14:128:24":8,"s:128:29:128:Infinity":49,"f:135:12:135:22":9,"s:135:31:135:Infinity":50,"f:146:14:146:24":10,"s:146:33:146:Infinity":51,"b:148:68:148:80:148:80:148:Infinity":24,"f:155:16:155:26":11,"s:155:31:155:Infinity":52,"f:165:14:165:24":12,"s:165:33:165:Infinity":53,"b:167:66:167:78:167:78:167:Infinity":25,"f:174:16:174:26":13,"s:174:31:174:Infinity":54,"b:190:14:190:Infinity:192:14:192:Infinity":26,"b:195:11:195:Infinity:196:12:197:Infinity":27,"b:209:59:209:71:209:71:209:Infinity":28,"f:216:14:216:24":14,"s:216:29:216:Infinity":55,"b:220:55:220:67:220:67:220:Infinity":29,"f:227:14:227:24":15,"s:227:29:227:Infinity":56,"b:234:39:234:64:234:67:234:81":30}}}
,"C:\\Users\\y-nakamachi\\Desktop\\ポートフォリオ\\genba-react\\src\\components\\ObservationCalculator.tsx": {"path":"C:\\Users\\y-nakamachi\\Desktop\\ポートフォリオ\\genba-react\\src\\components\\ObservationCalculator.tsx","statementMap":{"0":{"start":{"line":13,"column":24},"end":{"line":17,"column":null}},"1":{"start":{"line":21,"column":14},"end":{"line":21,"column":30}},"2":{"start":{"line":22,"column":2},"end":{"line":22,"column":null}},"3":{"start":{"line":22,"column":43},"end":{"line":22,"column":null}},"4":{"start":{"line":23,"column":12},"end":{"line":23,"column":null}},"5":{"start":{"line":25,"column":20},"end":{"line":25,"column":null}},"6":{"start":{"line":26,"column":2},"end":{"line":27,"column":null}},"7":{"start":{"line":27,"column":4},"end":{"line":27,"column":null}},"8":{"start":{"line":29,"column":2},"end":{"line":29,"column":null}},"9":{"start":{"line":33,"column":19},"end":{"line":33,"column":59}},"10":{"start":{"line":34,"column":15},"end":{"line":38,"column":4}},"11":{"start":{"line":40,"column":8},"end":{"line":44,"column":17}},"12":{"start":{"line":40,"column":62},"end":{"line":44,"column":6}},"13":{"start":{"line":46,"column":8},"end":{"line":46,"column":108}},"14":{"start":{"line":46,"column":18},"end":{"line":46,"column":82}},"15":{"start":{"line":49,"column":4},"end":{"line":49,"column":null}},"16":{"start":{"line":49,"column":20},"end":{"line":49,"column":83}},"17":{"start":{"line":49,"column":36},"end":{"line":49,"column":83}},"18":{"start":{"line":53,"column":4},"end":{"line":53,"column":null}},"19":{"start":{"line":53,"column":20},"end":{"line":53,"column":79}},"20":{"start":{"line":53,"column":65},"end":{"line":53,"column":79}},"21":{"start":{"line":56,"column":2},"end":{"line":228,"column":null}},"22":{"start":{"line":75,"column":31},"end":{"line":75,"column":null}},"23":{"start":{"line":75,"column":52},"end":{"line":75,"column":null}},"24":{"start":{"line":86,"column":31},"end":{"line":86,"column":null}},"25":{"start":{"line":86,"column":52},"end":{"line":86,"column":null}},"26":{"start":{"line":97,"column":31},"end":{"line":97,"column":null}},"27":{"start":{"line":97,"column":52},"end":{"line":97,"column":null}},"28":{"start":{"line":114,"column":8},"end":{"line":145,"column":null}},"29":{"start":{"line":119,"column":31},"end":{"line":119,"column":null}},"30":{"start":{"line":121,"column":96},"end":{"line":121,"column":146}},"31":{"start":{"line":128,"column":31},"end":{"line":128,"column":null}},"32":{"start":{"line":135,"column":31},"end":{"line":135,"column":null}},"33":{"start":{"line":142,"column":31},"end":{"line":142,"column":null}},"34":{"start":{"line":144,"column":96},"end":{"line":144,"column":113}},"35":{"start":{"line":149,"column":71},"end":{"line":149,"column":121}},"36":{"start":{"line":149,"column":87},"end":{"line":149,"column":120}},"37":{"start":{"line":155,"column":25},"end":{"line":155,"column":121}},"38":{"start":{"line":194,"column":16},"end":{"line":199,"column":null}},"39":{"start":{"line":219,"column":16},"end":{"line":224,"column":null}}},"fnMap":{"0":{"name":"calcInstrumentDepth","decl":{"start":{"line":20,"column":9},"end":{"line":20,"column":29}},"loc":{"start":{"line":20,"column":55},"end":{"line":29,"column":null}},"line":20},"1":{"name":"ObservationCalculator","decl":{"start":{"line":32,"column":24},"end":{"line":32,"column":46}},"loc":{"start":{"line":32,"column":66},"end":{"line":228,"column":null}},"line":32},"2":{"name":"(anonymous_2)","decl":{"start":{"line":40,"column":26},"end":{"line":40,"column":62}},"loc":{"start":{"line":40,"column":62},"end":{"line":44,"column":6}},"line":40},"3":{"name":"(anonymous_3)","decl":{"start":{"line":46,"column":18},"end":{"line":46,"column":32}},"loc":{"start":{"line":46,"column":18},"end":{"line":46,"column":82}},"line":46},"4":{"name":"updateRow","decl":{"start":{"line":48,"column":11},"end":{"line":48,"column":21}},"loc":{"start":{"line":48,"column":80},"end":{"line":49,"column":null}},"line":48},"5":{"name":"(anonymous_5)","decl":{"start":{"line":49,"column":4},"end":{"line":49,"column":12}},"loc":{"start":{"line":49,"column":20},"end":{"line":49,"column":83}},"line":49},"6":{"name":"(anonymous_6)","decl":{"start":{"line":49,"column":25},"end":{"line":49,"column":29}},"loc":{"start":{"line":49,"column":36},"end":{"line":49,"column":83}},"line":49},"7":{"name":"removeRow","decl":{"start":{"line":52,"column":11},"end":{"line":52,"column":21}},"loc":{"start":{"line":52,"column":33},"end":{"line":53,"column":null}},"line":52},"8":{"name":"(anonymous_8)","decl":{"start":{"line":53,"column":4},"end":{"line":53,"column":12}},"loc":{"start":{"line":53,"column":20},"end":{"line":53,"column":79}},"line":53},"9":{"name":"(anonymous_9)","decl":{"start":{"line":53,"column":51},"end":{"line":53,"column":58}},"loc":{"start":{"line":53,"column":65},"end":{"line":53,"column":79}},"line":53},"10":{"name":"(anonymous_10)","decl":{"start":{"line":75,"column":12},"end":{"line":75,"column":22}},"loc":{"start":{"line":75,"column":31},"end":{"line":75,"column":null}},"line":75},"11":{"name":"(anonymous_11)","decl":{"start":{"line":75,"column":31},"end":{"line":75,"column":43}},"loc":{"start":{"line":75,"column":52},"end":{"line":75,"column":null}},"line":75},"12":{"name":"(anonymous_12)","decl":{"start":{"line":86,"column":12},"end":{"line":86,"column":22}},"loc":{"start":{"line":86,"column":31},"end":{"line":86,"column":null}},"line":86},"13":{"name":"(anonymous_13)","decl":{"start":{"line":86,"column":31},"end":{"line":86,"column":43}},"loc":{"start":{"line":86,"column":52},"end":{"line":86,"column":null}},"line":86},"14":{"name":"(anonymous_14)","decl":{"start":{"line":97,"column":12},"end":{"line":97,"column":22}},"loc":{"start":{"line":97,"column":31},"end":{"line":97,"column":null}},"line":97},"15":{"name":"(anonymous_15)","decl":{"start":{"line":97,"column":31},"end":{"line":97,"column":43}},"loc":{"start":{"line":97,"column":52},"end":{"line":97,"column":null}},"line":97},"16":{"name":"(anonymous_16)","decl":{"start":{"line":113,"column":12},"end":{"line":113,"column":16}},"loc":{"start":{"line":114,"column":8},"end":{"line":145,"column":null}},"line":114},"17":{"name":"(anonymous_17)","decl":{"start":{"line":119,"column":12},"end":{"line":119,"column":22}},"loc":{"start":{"line":119,"column":31},"end":{"line":119,"column":null}},"line":119},"18":{"name":"(anonymous_18)","decl":{"start":{"line":121,"column":77},"end":{"line":121,"column":87}},"loc":{"start":{"line":121,"column":96},"end":{"line":121,"column":146}},"line":121},"19":{"name":"(anonymous_19)","decl":{"start":{"line":128,"column":12},"end":{"line":128,"column":22}},"loc":{"start":{"line":128,"column":31},"end":{"line":128,"column":null}},"line":128},"20":{"name":"(anonymous_20)","decl":{"start":{"line":135,"column":12},"end":{"line":135,"column":22}},"loc":{"start":{"line":135,"column":31},"end":{"line":135,"column":null}},"line":135},"21":{"name":"(anonymous_21)","decl":{"start":{"line":142,"column":12},"end":{"line":142,"column":22}},"loc":{"start":{"line":142,"column":31},"end":{"line":142,"column":null}},"line":142},"22":{"name":"(anonymous_22)","decl":{"start":{"line":144,"column":81},"end":{"line":144,"column":96}},"loc":{"start":{"line":144,"column":96},"end":{"line":144,"column":113}},"line":144},"23":{"name":"(anonymous_23)","decl":{"start":{"line":149,"column":56},"end":{"line":149,"column":71}},"loc":{"start":{"line":149,"column":71},"end":{"line":149,"column":121}},"line":149},"24":{"name":"(anonymous_24)","decl":{"start":{"line":149,"column":71},"end":{"line":149,"column":79}},"loc":{"start":{"line":149,"column":87},"end":{"line":149,"column":120}},"line":149},"25":{"name":"(anonymous_25)","decl":{"start":{"line":155,"column":10},"end":{"line":155,"column":25}},"loc":{"start":{"line":155,"column":25},"end":{"line":155,"column":121}},"line":155},"26":{"name":"(anonymous_26)","decl":{"start":{"line":193,"column":28},"end":{"line":193,"column":32}},"loc":{"start":{"line":194,"column":16},"end":{"line":199,"column":null}},"line":194},"27":{"name":"(anonymous_27)","decl":{"start":{"line":218,"column":32},"end":{"line":218,"column":36}},"loc":{"start":{"line":219,"column":16},"end":{"line":224,"column":null}},"line":219}},"branchMap":{"0":{"loc":{"start":{"line":22,"column":2},"end":{"line":22,"column":null}},"type":"if","locations":[{"start":{"line":22,"column":2},"end":{"line":22,"column":null}},{"start":{},"end":{}}],"line":22},"1":{"loc":{"start":{"line":22,"column":6},"end":{"line":22,"column":43}},"type":"binary-expr","locations":[{"start":{"line":22,"column":6},"end":{"line":22,"column":19}},{"start":{"line":22,"column":19},"end":{"line":22,"column":29}},{"start":{"line":22,"column":33},"end":{"line":22,"column":43}}],"line":22},"2":{"loc":{"start":{"line":25,"column":20},"end":{"line":25,"column":null}},"type":"binary-expr","locations":[{"start":{"line":25,"column":20},"end":{"line":25,"column":32}},{"start":{"line":25,"column":32},"end":{"line":25,"column":null}}],"line":25},"3":{"loc":{"start":{"line":26,"column":2},"end":{"line":27,"column":null}},"type":"if","locations":[{"start":{"line":26,"column":2},"end":{"line":27,"column":null}},{"start":{},"end":{}}],"line":26},"4":{"loc":{"start":{"line":26,"column":6},"end":{"line":26,"column":30}},"type":"binary-expr","locations":[{"start":{"line":26,"column":6},"end":{"line":26,"column":18}},{"start":{"line":26,"column":18},"end":{"line":26,"column":30}}],"line":26},"5":{"loc":{"start":{"line":41,"column":17},"end":{"line":41,"column":null}},"type":"binary-expr","locations":[{"start":{"line":41,"column":17},"end":{"line":41,"column":45}},{"start":{"line":41,"column":49},"end":{"line":41,"column":null}}],"line":41},"6":{"loc":{"start":{"line":42,"column":12},"end":{"line":42,"column":null}},"type":"binary-expr","locations":[{"start":{"line":42,"column":12},"end":{"line":42,"column":35}},{"start":{"line":42,"column":39},"end":{"line":42,"column":null}}],"line":42},"7":{"loc":{"start":{"line":43,"column":17},"end":{"line":43,"column":null}},"type":"binary-expr","locations":[{"start":{"line":43,"column":17},"end":{"line":43,"column":45}},{"start":{"line":43,"column":49},"end":{"line":43,"column":null}}],"line":43},"8":{"loc":{"start":{"line":49,"column":36},"end":{"line":49,"column":83}},"type":"cond-expr","locations":[{"start":{"line":49,"column":52},"end":{"line":49,"column":79}},{"start":{"line":49,"column":79},"end":{"line":49,"column":83}}],"line":49},"9":{"loc":{"start":{"line":53,"column":20},"end":{"line":53,"column":79}},"type":"cond-expr","locations":[{"start":{"line":53,"column":39},"end":{"line":53,"column":46}},{"start":{"line":53,"column":46},"end":{"line":53,"column":79}}],"line":53},"10":{"loc":{"start":{"line":68,"column":41},"end":{"line":68,"column":null}},"type":"cond-expr","locations":[{"start":{"line":68,"column":64},"end":{"line":68,"column":76}},{"start":{"line":68,"column":76},"end":{"line":68,"column":null}}],"line":68},"11":{"loc":{"start":{"line":79,"column":41},"end":{"line":79,"column":null}},"type":"cond-expr","locations":[{"start":{"line":79,"column":59},"end":{"line":79,"column":71}},{"start":{"line":79,"column":71},"end":{"line":79,"column":null}}],"line":79},"12":{"loc":{"start":{"line":90,"column":41},"end":{"line":90,"column":null}},"type":"cond-expr","locations":[{"start":{"line":90,"column":64},"end":{"line":90,"column":76}},{"start":{"line":90,"column":76},"end":{"line":90,"column":null}}],"line":90},"13":{"loc":{"start":{"line":181,"column":7},"end":{"line":203,"column":null}},"type":"binary-expr","locations":[{"start":{"line":181,"column":7},"end":{"line":181,"column":null}},{"start":{"line":182,"column":8},"end":{"line":203,"column":null}}],"line":181},"14":{"loc":{"start":{"line":197,"column":23},"end":{"line":197,"column":88}},"type":"cond-expr","locations":[{"start":{"line":197,"column":53},"end":{"line":197,"column":59}},{"start":{"line":197,"column":59},"end":{"line":197,"column":88}}],"line":197},"15":{"loc":{"start":{"line":198,"column":23},"end":{"line":198,"column":86}},"type":"cond-expr","locations":[{"start":{"line":198,"column":52},"end":{"line":198,"column":58}},{"start":{"line":198,"column":58},"end":{"line":198,"column":86}}],"line":198},"16":{"loc":{"start":{"line":206,"column":7},"end":{"line":228,"column":null}},"type":"binary-expr","locations":[{"start":{"line":206,"column":7},"end":{"line":206,"column":null}},{"start":{"line":207,"column":8},"end":{"line":228,"column":null}}],"line":206}},"s":{"0":1,"1":69,"2":69,"3":69,"4":0,"5":0,"6":69,"7":0,"8":0,"9":23,"10":23,"11":23,"12":3,"13":23,"14":3,"15":0,"16":0,"17":0,"18":0,"19":0,"20":0,"21":23,"22":0,"23":0,"24":0,"25":0,"26":0,"27":0,"28":69,"29":0,"30":0,"31":0,"32":0,"33":0,"34":0,"35":0,"36":0,"37":0,"38":0,"39":0},"f":{"0":69,"1":23,"2":3,"3":3,"4":0,"5":0,"6":0,"7":0,"8":0,"9":0,"10":0,"11":0,"12":0,"13":0,"14":0,"15":0,"16":69,"17":0,"18":0,"19":0,"20":0,"21":0,"22":0,"23":0,"24":0,"25":0,"26":0,"27":0},"b":{"0":[69,0],"1":[69,0,0],"2":[0,0],"3":[0,69],"4":[69,0],"5":[3,3],"6":[3,3],"7":[3,3],"8":[0,0],"9":[0,0],"10":[0,23],"11":[0,23],"12":[0,23],"13":[23,0],"14":[0,0],"15":[0,0],"16":[23,0]},"meta":{"lastBranch":17,"lastFunction":28,"lastStatement":40,"seen":{"s:13:24:17:Infinity":0,"f:20:9:20:29":0,"s:21:14:21:30":1,"b:22:2:22:Infinity:undefined:undefined:undefined:undefined":0,"s:22:2:22:Infinity":2,"b:22:6:22:19:22:19:22:29:22:33:22:43":1,"s:22:43:22:Infinity":3,"s:23:12:23:Infinity":4,"s:25:20:25:Infinity":5,"b:25:20:25:32:25:32:25:Infinity":2,"b:26:2:27:Infinity:undefined:undefined:undefined:undefined":3,"s:26:2:27:Infinity":6,"b:26:6:26:18:26:18:26:30":4,"s:27:4:27:Infinity":7,"s:29:2:29:Infinity":8,"f:32:24:32:46":1,"s:33:19:33:59":9,"s:34:15:38:4":10,"s:40:8:44:17":11,"f:40:26:40:62":2,"s:40:62:44:6":12,"b:41:17:41:45:41:49:41:Infinity":5,"b:42:12:42:35:42:39:42:Infinity":6,"b:43:17:43:45:43:49:43:Infinity":7,"s:46:8:46:108":13,"f:46:18:46:32":3,"s:46:18:46:82":14,"f:48:11:48:21":4,"s:49:4:49:Infinity":15,"f:49:4:49:12":5,"s:49:20:49:83":16,"f:49:25:49:29":6,"s:49:36:49:83":17,"b:49:52:49:79:49:79:49:83":8,"f:52:11:52:21":7,"s:53:4:53:Infinity":18,"f:53:4:53:12":8,"s:53:20:53:79":19,"b:53:39:53:46:53:46:53:79":9,"f:53:51:53:58":9,"s:53:65:53:79":20,"s:56:2:228:Infinity":21,"b:68:64:68:76:68:76:68:Infinity":10,"f:75:12:75:22":10,"s:75:31:75:Infinity":22,"f:75:31:75:43":11,"s:75:52:75:Infinity":23,"b:79:59:79:71:79:71:79:Infinity":11,"f:86:12:86:22":12,"s:86:31:86:Infinity":24,"f:86:31:86:43":13,"s:86:52:86:Infinity":25,"b:90:64:90:76:90:76:90:Infinity":12,"f:97:12:97:22":14,"s:97:31:97:Infinity":26,"f:97:31:97:43":15,"s:97:52:97:Infinity":27,"f:113:12:113:16":16,"s:114:8:145:Infinity":28,"f:119:12:119:22":17,"s:119:31:119:Infinity":29,"f:121:77:121:87":18,"s:121:96:121:146":30,"f:128:12:128:22":19,"s:128:31:128:Infinity":31,"f:135:12:135:22":20,"s:135:31:135:Infinity":32,"f:142:12:142:22":21,"s:142:31:142:Infinity":33,"f:144:81:144:96":22,"s:144:96:144:113":34,"f:149:56:149:71":23,"s:149:71:149:121":35,"f:149:71:149:79":24,"s:149:87:149:120":36,"f:155:10:155:25":25,"s:155:25:155:121":37,"b:181:7:181:Infinity:182:8:203:Infinity":13,"f:193:28:193:32":26,"s:194:16:199:Infinity":38,"b:197:53:197:59:197:59:197:88":14,"b:198:52:198:58:198:58:198:86":15,"b:206:7:206:Infinity:207:8:228:Infinity":16,"f:218:32:218:36":27,"s:219:16:224:Infinity":39}}}
,"C:\\Users\\y-nakamachi\\Desktop\\ポートフォリオ\\genba-react\\src\\components\\ResponsiveDateInput.tsx": {"path":"C:\\Users\\y-nakamachi\\Desktop\\ポートフォリオ\\genba-react\\src\\components\\ResponsiveDateInput.tsx","statementMap":{"0":{"start":{"line":11,"column":8},"end":{"line":11,"column":32}},"1":{"start":{"line":12,"column":23},"end":{"line":12,"column":50}},"2":{"start":{"line":13,"column":22},"end":{"line":13,"column":46}},"3":{"start":{"line":14,"column":16},"end":{"line":14,"column":90}},"4":{"start":{"line":14,"column":57},"end":{"line":14,"column":89}},"5":{"start":{"line":15,"column":17},"end":{"line":15,"column":93}},"6":{"start":{"line":15,"column":58},"end":{"line":15,"column":92}},"7":{"start":{"line":16,"column":15},"end":{"line":16,"column":116}},"8":{"start":{"line":16,"column":81},"end":{"line":16,"column":115}},"9":{"start":{"line":19,"column":4},"end":{"line":19,"column":null}},"10":{"start":{"line":22,"column":2},"end":{"line":31,"column":null}},"11":{"start":{"line":23,"column":4},"end":{"line":31,"column":null}},"12":{"start":{"line":30,"column":29},"end":{"line":30,"column":null}},"13":{"start":{"line":36,"column":2},"end":{"line":71,"column":null}},"14":{"start":{"line":43,"column":29},"end":{"line":43,"column":77}},"15":{"start":{"line":47,"column":12},"end":{"line":47,"column":null}},"16":{"start":{"line":53,"column":29},"end":{"line":53,"column":76}},"17":{"start":{"line":57,"column":12},"end":{"line":57,"column":null}},"18":{"start":{"line":63,"column":29},"end":{"line":63,"column":78}},"19":{"start":{"line":67,"column":12},"end":{"line":67,"column":null}}},"fnMap":{"0":{"name":"ResponsiveDateInput","decl":{"start":{"line":10,"column":24},"end":{"line":10,"column":44}},"loc":{"start":{"line":10,"column":79},"end":{"line":71,"column":null}},"line":10},"1":{"name":"(anonymous_1)","decl":{"start":{"line":14,"column":41},"end":{"line":14,"column":44}},"loc":{"start":{"line":14,"column":57},"end":{"line":14,"column":89}},"line":14},"2":{"name":"(anonymous_2)","decl":{"start":{"line":15,"column":42},"end":{"line":15,"column":45}},"loc":{"start":{"line":15,"column":58},"end":{"line":15,"column":92}},"line":15},"3":{"name":"(anonymous_3)","decl":{"start":{"line":16,"column":65},"end":{"line":16,"column":68}},"loc":{"start":{"line":16,"column":81},"end":{"line":16,"column":115}},"line":16},"4":{"name":"handlePartChange","decl":{"start":{"line":18,"column":11},"end":{"line":18,"column":28}},"loc":{"start":{"line":18,"column":82},"end":{"line":19,"column":null}},"line":18},"5":{"name":"(anonymous_5)","decl":{"start":{"line":30,"column":10},"end":{"line":30,"column":20}},"loc":{"start":{"line":30,"column":29},"end":{"line":30,"column":null}},"line":30},"6":{"name":"(anonymous_6)","decl":{"start":{"line":43,"column":10},"end":{"line":43,"column":20}},"loc":{"start":{"line":43,"column":29},"end":{"line":43,"column":77}},"line":43},"7":{"name":"(anonymous_7)","decl":{"start":{"line":46,"column":17},"end":{"line":46,"column":21}},"loc":{"start":{"line":47,"column":12},"end":{"line":47,"column":null}},"line":47},"8":{"name":"(anonymous_8)","decl":{"start":{"line":53,"column":10},"end":{"line":53,"column":20}},"loc":{"start":{"line":53,"column":29},"end":{"line":53,"column":76}},"line":53},"9":{"name":"(anonymous_9)","decl":{"start":{"line":56,"column":18},"end":{"line":56,"column":22}},"loc":{"start":{"line":57,"column":12},"end":{"line":57,"column":null}},"line":57},"10":{"name":"(anonymous_10)","decl":{"start":{"line":63,"column":10},"end":{"line":63,"column":20}},"loc":{"start":{"line":63,"column":29},"end":{"line":63,"column":78}},"line":63},"11":{"name":"(anonymous_11)","decl":{"start":{"line":66,"column":16},"end":{"line":66,"column":20}},"loc":{"start":{"line":67,"column":12},"end":{"line":67,"column":null}},"line":67}},"branchMap":{"0":{"loc":{"start":{"line":22,"column":2},"end":{"line":31,"column":null}},"type":"if","locations":[{"start":{"line":22,"column":2},"end":{"line":31,"column":null}},{"start":{},"end":{}}],"line":22},"1":{"loc":{"start":{"line":25,"column":9},"end":{"line":26,"column":9}},"type":"binary-expr","locations":[{"start":{"line":25,"column":9},"end":{"line":25,"column":18}},{"start":{"line":25,"column":18},"end":{"line":26,"column":9}}],"line":25},"2":{"loc":{"start":{"line":28,"column":22},"end":{"line":28,"column":null}},"type":"binary-expr","locations":[{"start":{"line":28,"column":22},"end":{"line":28,"column":31}},{"start":{"line":28,"column":31},"end":{"line":28,"column":null}}],"line":28},"3":{"loc":{"start":{"line":38,"column":7},"end":{"line":38,"column":null}},"type":"binary-expr","locations":[{"start":{"line":38,"column":7},"end":{"line":38,"column":16}},{"start":{"line":38,"column":16},"end":{"line":38,"column":null}}],"line":38},"4":{"loc":{"start":{"line":41,"column":25},"end":{"line":41,"column":39}},"type":"binary-expr","locations":[{"start":{"line":41,"column":25},"end":{"line":41,"column":34}},{"start":{"line":41,"column":34},"end":{"line":41,"column":39}}],"line":41},"5":{"loc":{"start":{"line":51,"column":25},"end":{"line":51,"column":39}},"type":"binary-expr","locations":[{"start":{"line":51,"column":25},"end":{"line":51,"column":34}},{"start":{"line":51,"column":34},"end":{"line":51,"column":39}}],"line":51},"6":{"loc":{"start":{"line":61,"column":25},"end":{"line":61,"column":39}},"type":"binary-expr","locations":[{"start":{"line":61,"column":25},"end":{"line":61,"column":34}},{"start":{"line":61,"column":34},"end":{"line":61,"column":39}}],"line":61},"7":{"loc":{"start":{"line":71,"column":7},"end":{"line":71,"column":null}},"type":"binary-expr","locations":[{"start":{"line":71,"column":7},"end":{"line":71,"column":16}},{"start":{"line":71,"column":16},"end":{"line":71,"column":null}}],"line":71}},"s":{"0":23,"1":23,"2":23,"3":23,"4":483,"5":23,"6":276,"7":23,"8":713,"9":0,"10":23,"11":23,"12":2,"13":0,"14":0,"15":0,"16":0,"17":0,"18":0,"19":0},"f":{"0":23,"1":483,"2":276,"3":713,"4":0,"5":2,"6":0,"7":0,"8":0,"9":0,"10":0,"11":0},"b":{"0":[23,0],"1":[23,0],"2":[23,23],"3":[0,0],"4":[23,0],"5":[23,0],"6":[23,0],"7":[23,0]},"meta":{"lastBranch":8,"lastFunction":12,"lastStatement":20,"seen":{"f:10:24:10:44":0,"s:11:8:11:32":0,"s:12:23:12:50":1,"s:13:22:13:46":2,"s:14:16:14:90":3,"f:14:41:14:44":1,"s:14:57:14:89":4,"s:15:17:15:93":5,"f:15:42:15:45":2,"s:15:58:15:92":6,"s:16:15:16:116":7,"f:16:65:16:68":3,"s:16:81:16:115":8,"f:18:11:18:28":4,"s:19:4:19:Infinity":9,"b:22:2:31:Infinity:undefined:undefined:undefined:undefined":0,"s:22:2:31:Infinity":10,"s:23:4:31:Infinity":11,"b:25:9:25:18:25:18:26:9":1,"b:28:22:28:31:28:31:28:Infinity":2,"f:30:10:30:20":5,"s:30:29:30:Infinity":12,"s:36:2:71:Infinity":13,"b:38:7:38:16:38:16:38:Infinity":3,"b:41:25:41:34:41:34:41:39":4,"f:43:10:43:20":6,"s:43:29:43:77":14,"f:46:17:46:21":7,"s:47:12:47:Infinity":15,"b:51:25:51:34:51:34:51:39":5,"f:53:10:53:20":8,"s:53:29:53:76":16,"f:56:18:56:22":9,"s:57:12:57:Infinity":17,"b:61:25:61:34:61:34:61:39":6,"f:63:10:63:20":10,"s:63:29:63:78":18,"f:66:16:66:20":11,"s:67:12:67:Infinity":19,"b:71:7:71:16:71:16:71:Infinity":7}}}
,"C:\\Users\\y-nakamachi\\Desktop\\ポートフォリオ\\genba-react\\src\\components\\StatsPanel.tsx": {"path":"C:\\Users\\y-nakamachi\\Desktop\\ポートフォリオ\\genba-react\\src\\components\\StatsPanel.tsx","statementMap":{"0":{"start":{"line":9,"column":2},"end":{"line":9,"column":null}},"1":{"start":{"line":9,"column":29},"end":{"line":9,"column":null}},"2":{"start":{"line":11,"column":8},"end":{"line":12,"column":null}},"3":{"start":{"line":12,"column":4},"end":{"line":12,"column":null}},"4":{"start":{"line":12,"column":25},"end":{"line":12,"column":32}},"5":{"start":{"line":14,"column":24},"end":{"line":14,"column":71}},"6":{"start":{"line":14,"column":46},"end":{"line":14,"column":59}},"7":{"start":{"line":15,"column":22},"end":{"line":15,"column":67}},"8":{"start":{"line":15,"column":44},"end":{"line":15,"column":55}},"9":{"start":{"line":16,"column":18},"end":{"line":16,"column":71}},"10":{"start":{"line":16,"column":40},"end":{"line":16,"column":58}},"11":{"start":{"line":18,"column":2},"end":{"line":39,"column":null}}},"fnMap":{"0":{"name":"StatsPanel","decl":{"start":{"line":8,"column":24},"end":{"line":8,"column":35}},"loc":{"start":{"line":8,"column":69},"end":{"line":39,"column":null}},"line":8},"1":{"name":"(anonymous_1)","decl":{"start":{"line":11,"column":8},"end":{"line":11,"column":15}},"loc":{"start":{"line":12,"column":4},"end":{"line":12,"column":null}},"line":12},"2":{"name":"(anonymous_2)","decl":{"start":{"line":12,"column":8},"end":{"line":12,"column":16}},"loc":{"start":{"line":12,"column":25},"end":{"line":12,"column":32}},"line":12},"3":{"name":"(anonymous_3)","decl":{"start":{"line":14,"column":37},"end":{"line":14,"column":41}},"loc":{"start":{"line":14,"column":46},"end":{"line":14,"column":59}},"line":14},"4":{"name":"(anonymous_4)","decl":{"start":{"line":15,"column":35},"end":{"line":15,"column":39}},"loc":{"start":{"line":15,"column":44},"end":{"line":15,"column":55}},"line":15},"5":{"name":"(anonymous_5)","decl":{"start":{"line":16,"column":31},"end":{"line":16,"column":35}},"loc":{"start":{"line":16,"column":40},"end":{"line":16,"column":58}},"line":16}},"branchMap":{"0":{"loc":{"start":{"line":9,"column":2},"end":{"line":9,"column":null}},"type":"if","locations":[{"start":{"line":9,"column":2},"end":{"line":9,"column":null}},{"start":{},"end":{}}],"line":9}},"s":{"0":5,"1":1,"2":4,"3":12,"4":24,"5":4,"6":8,"7":4,"8":8,"9":4,"10":8,"11":4},"f":{"0":5,"1":12,"2":24,"3":8,"4":8,"5":8},"b":{"0":[1,4]},"meta":{"lastBranch":1,"lastFunction":6,"lastStatement":12,"seen":{"f:8:24:8:35":0,"b:9:2:9:Infinity:undefined:undefined:undefined:undefined":0,"s:9:2:9:Infinity":0,"s:9:29:9:Infinity":1,"s:11:8:12:Infinity":2,"f:11:8:11:15":1,"s:12:4:12:Infinity":3,"f:12:8:12:16":2,"s:12:25:12:32":4,"s:14:24:14:71":5,"f:14:37:14:41":3,"s:14:46:14:59":6,"s:15:22:15:67":7,"f:15:35:15:39":4,"s:15:44:15:55":8,"s:16:18:16:71":9,"f:16:31:16:35":5,"s:16:40:16:58":10,"s:18:2:39:Infinity":11}}}
,"C:\\Users\\y-nakamachi\\Desktop\\ポートフォリオ\\genba-react\\src\\components\\TimeSelect.tsx": {"path":"C:\\Users\\y-nakamachi\\Desktop\\ポートフォリオ\\genba-react\\src\\components\\TimeSelect.tsx","statementMap":{"0":{"start":{"line":8,"column":14},"end":{"line":8,"column":78}},"1":{"start":{"line":8,"column":51},"end":{"line":8,"column":77}},"2":{"start":{"line":9,"column":16},"end":{"line":9,"column":null}},"3":{"start":{"line":12,"column":17},"end":{"line":12,"column":52}},"4":{"start":{"line":15,"column":4},"end":{"line":18,"column":null}},"5":{"start":{"line":16,"column":6},"end":{"line":16,"column":null}},"6":{"start":{"line":17,"column":15},"end":{"line":18,"column":null}},"7":{"start":{"line":18,"column":6},"end":{"line":18,"column":null}},"8":{"start":{"line":22,"column":2},"end":{"line":46,"column":null}},"9":{"start":{"line":30,"column":25},"end":{"line":30,"column":64}},"10":{"start":{"line":34,"column":12},"end":{"line":34,"column":null}},"11":{"start":{"line":41,"column":25},"end":{"line":41,"column":64}},"12":{"start":{"line":45,"column":12},"end":{"line":45,"column":null}}},"fnMap":{"0":{"name":"(anonymous_0)","decl":{"start":{"line":8,"column":39},"end":{"line":8,"column":42}},"loc":{"start":{"line":8,"column":51},"end":{"line":8,"column":77}},"line":8},"1":{"name":"TimeSelect","decl":{"start":{"line":11,"column":24},"end":{"line":11,"column":35}},"loc":{"start":{"line":11,"column":74},"end":{"line":46,"column":null}},"line":11},"2":{"name":"handleChange","decl":{"start":{"line":14,"column":11},"end":{"line":14,"column":24}},"loc":{"start":{"line":14,"column":54},"end":{"line":18,"column":null}},"line":14},"3":{"name":"(anonymous_3)","decl":{"start":{"line":30,"column":10},"end":{"line":30,"column":20}},"loc":{"start":{"line":30,"column":25},"end":{"line":30,"column":64}},"line":30},"4":{"name":"(anonymous_4)","decl":{"start":{"line":33,"column":17},"end":{"line":33,"column":21}},"loc":{"start":{"line":34,"column":12},"end":{"line":34,"column":null}},"line":34},"5":{"name":"(anonymous_5)","decl":{"start":{"line":41,"column":10},"end":{"line":41,"column":20}},"loc":{"start":{"line":41,"column":25},"end":{"line":41,"column":64}},"line":41},"6":{"name":"(anonymous_6)","decl":{"start":{"line":44,"column":19},"end":{"line":44,"column":23}},"loc":{"start":{"line":45,"column":12},"end":{"line":45,"column":null}},"line":45}},"branchMap":{"0":{"loc":{"start":{"line":12,"column":17},"end":{"line":12,"column":52}},"type":"cond-expr","locations":[{"start":{"line":12,"column":25},"end":{"line":12,"column":41}},{"start":{"line":12,"column":44},"end":{"line":12,"column":52}}],"line":12},"1":{"loc":{"start":{"line":15,"column":4},"end":{"line":18,"column":null}},"type":"if","locations":[{"start":{"line":15,"column":4},"end":{"line":18,"column":null}},{"start":{"line":17,"column":15},"end":{"line":18,"column":null}}],"line":15},"2":{"loc":{"start":{"line":15,"column":8},"end":{"line":15,"column":24}},"type":"binary-expr","locations":[{"start":{"line":15,"column":8},"end":{"line":15,"column":17}},{"start":{"line":15,"column":17},"end":{"line":15,"column":24}}],"line":15},"3":{"loc":{"start":{"line":17,"column":15},"end":{"line":18,"column":null}},"type":"if","locations":[{"start":{"line":17,"column":15},"end":{"line":18,"column":null}},{"start":{},"end":{}}],"line":17},"4":{"loc":{"start":{"line":17,"column":15},"end":{"line":17,"column":33}},"type":"binary-expr","locations":[{"start":{"line":17,"column":15},"end":{"line":17,"column":25}},{"start":{"line":17,"column":25},"end":{"line":17,"column":33}}],"line":17},"5":{"loc":{"start":{"line":30,"column":54},"end":{"line":30,"column":64}},"type":"binary-expr","locations":[{"start":{"line":30,"column":54},"end":{"line":30,"column":59}},{"start":{"line":30,"column":59},"end":{"line":30,"column":64}}],"line":30},"6":{"loc":{"start":{"line":41,"column":38},"end":{"line":41,"column":49}},"type":"binary-expr","locations":[{"start":{"line":41,"column":38},"end":{"line":41,"column":43}},{"start":{"line":41,"column":43},"end":{"line":41,"column":49}}],"line":41}},"s":{"0":1,"1":24,"2":1,"3":46,"4":0,"5":0,"6":0,"7":0,"8":46,"9":0,"10":1104,"11":0,"12":276},"f":{"0":24,"1":46,"2":0,"3":0,"4":1104,"5":0,"6":276},"b":{"0":[0,46],"1":[0,0],"2":[0,0],"3":[0,0],"4":[0,0],"5":[0,0],"6":[0,0]},"meta":{"lastBranch":7,"lastFunction":7,"lastStatement":13,"seen":{"s:8:14:8:78":0,"f:8:39:8:42":0,"s:8:51:8:77":1,"s:9:16:9:Infinity":2,"f:11:24:11:35":1,"s:12:17:12:52":3,"b:12:25:12:41:12:44:12:52":0,"f:14:11:14:24":2,"b:15:4:18:Infinity:17:15:18:Infinity":1,"s:15:4:18:Infinity":4,"b:15:8:15:17:15:17:15:24":2,"s:16:6:16:Infinity":5,"b:17:15:18:Infinity:undefined:undefined:undefined:undefined":3,"s:17:15:18:Infinity":6,"b:17:15:17:25:17:25:17:33":4,"s:18:6:18:Infinity":7,"s:22:2:46:Infinity":8,"f:30:10:30:20":3,"s:30:25:30:64":9,"b:30:54:30:59:30:59:30:64":5,"f:33:17:33:21":4,"s:34:12:34:Infinity":10,"f:41:10:41:20":5,"s:41:25:41:64":11,"b:41:38:41:43:41:43:41:49":6,"f:44:19:44:23":6,"s:45:12:45:Infinity":12}}}
,"C:\\Users\\y-nakamachi\\Desktop\\ポートフォリオ\\genba-react\\src\\contexts\\ToastContext.tsx": {"path":"C:\\Users\\y-nakamachi\\Desktop\\ポートフォリオ\\genba-react\\src\\contexts\\ToastContext.tsx","statementMap":{"0":{"start":{"line":15,"column":6},"end":{"line":15,"column":65}},"1":{"start":{"line":18,"column":17},"end":{"line":18,"column":55}},"2":{"start":{"line":19,"column":8},"end":{"line":19,"column":27}},"3":{"start":{"line":21,"column":8},"end":{"line":27,"column":8}},"4":{"start":{"line":22,"column":15},"end":{"line":22,"column":null}},"5":{"start":{"line":23,"column":4},"end":{"line":23,"column":null}},"6":{"start":{"line":23,"column":22},"end":{"line":23,"column":54}},"7":{"start":{"line":24,"column":4},"end":{"line":26,"column":null}},"8":{"start":{"line":25,"column":6},"end":{"line":25,"column":null}},"9":{"start":{"line":25,"column":24},"end":{"line":25,"column":53}},"10":{"start":{"line":25,"column":41},"end":{"line":25,"column":53}},"11":{"start":{"line":29,"column":2},"end":{"line":38,"column":null}},"12":{"start":{"line":34,"column":10},"end":{"line":36,"column":null}},"13":{"start":{"line":44,"column":8},"end":{"line":44,"column":38}},"14":{"start":{"line":45,"column":2},"end":{"line":45,"column":null}},"15":{"start":{"line":45,"column":12},"end":{"line":45,"column":null}},"16":{"start":{"line":46,"column":2},"end":{"line":46,"column":null}}},"fnMap":{"0":{"name":"ToastProvider","decl":{"start":{"line":17,"column":16},"end":{"line":17,"column":30}},"loc":{"start":{"line":17,"column":75},"end":{"line":38,"column":null}},"line":17},"1":{"name":"(anonymous_1)","decl":{"start":{"line":21,"column":20},"end":{"line":21,"column":33}},"loc":{"start":{"line":21,"column":79},"end":{"line":27,"column":7}},"line":21},"2":{"name":"(anonymous_2)","decl":{"start":{"line":23,"column":4},"end":{"line":23,"column":14}},"loc":{"start":{"line":23,"column":22},"end":{"line":23,"column":54}},"line":23},"3":{"name":"(anonymous_3)","decl":{"start":{"line":24,"column":4},"end":{"line":24,"column":21}},"loc":{"start":{"line":24,"column":21},"end":{"line":26,"column":12}},"line":24},"4":{"name":"(anonymous_4)","decl":{"start":{"line":25,"column":6},"end":{"line":25,"column":16}},"loc":{"start":{"line":25,"column":24},"end":{"line":25,"column":53}},"line":25},"5":{"name":"(anonymous_5)","decl":{"start":{"line":25,"column":29},"end":{"line":25,"column":36}},"loc":{"start":{"line":25,"column":41},"end":{"line":25,"column":53}},"line":25},"6":{"name":"(anonymous_6)","decl":{"start":{"line":33,"column":16},"end":{"line":33,"column":20}},"loc":{"start":{"line":34,"column":10},"end":{"line":36,"column":null}},"line":34},"7":{"name":"useToast","decl":{"start":{"line":43,"column":16},"end":{"line":43,"column":27}},"loc":{"start":{"line":43,"column":27},"end":{"line":46,"column":null}},"line":43}},"branchMap":{"0":{"loc":{"start":{"line":21,"column":50},"end":{"line":21,"column":79}},"type":"default-arg","locations":[{"start":{"line":21,"column":68},"end":{"line":21,"column":79}}],"line":21},"1":{"loc":{"start":{"line":45,"column":2},"end":{"line":45,"column":null}},"type":"if","locations":[{"start":{"line":45,"column":2},"end":{"line":45,"column":null}},{"start":{},"end":{}}],"line":45}},"s":{"0":2,"1":10,"2":10,"3":10,"4":2,"5":2,"6":2,"7":2,"8":0,"9":0,"10":0,"11":10,"12":2,"13":34,"14":34,"15":0,"16":34},"f":{"0":10,"1":2,"2":2,"3":0,"4":0,"5":0,"6":2,"7":34},"b":{"0":[2],"1":[0,34]},"meta":{"lastBranch":2,"lastFunction":8,"lastStatement":17,"seen":{"s:15:6:15:65":0,"f:17:16:17:30":0,"s:18:17:18:55":1,"s:19:8:19:27":2,"s:21:8:27:8":3,"f:21:20:21:33":1,"b:21:68:21:79":0,"s:22:15:22:Infinity":4,"s:23:4:23:Infinity":5,"f:23:4:23:14":2,"s:23:22:23:54":6,"s:24:4:26:Infinity":7,"f:24:4:24:21":3,"s:25:6:25:Infinity":8,"f:25:6:25:16":4,"s:25:24:25:53":9,"f:25:29:25:36":5,"s:25:41:25:53":10,"s:29:2:38:Infinity":11,"f:33:16:33:20":6,"s:34:10:36:Infinity":12,"f:43:16:43:27":7,"s:44:8:44:38":13,"b:45:2:45:Infinity:undefined:undefined:undefined:undefined":1,"s:45:2:45:Infinity":14,"s:45:12:45:Infinity":15,"s:46:2:46:Infinity":16}}}
,"C:\\Users\\y-nakamachi\\Desktop\\ポートフォリオ\\genba-react\\src\\hooks\\useIsMobile.ts": {"path":"C:\\Users\\y-nakamachi\\Desktop\\ポートフォリオ\\genba-react\\src\\hooks\\useIsMobile.ts","statementMap":{"0":{"start":{"line":3,"column":27},"end":{"line":3,"column":null}},"1":{"start":{"line":6,"column":19},"end":{"line":11,"column":null}},"2":{"start":{"line":7,"column":4},"end":{"line":8,"column":null}},"3":{"start":{"line":8,"column":6},"end":{"line":8,"column":null}},"4":{"start":{"line":10,"column":4},"end":{"line":10,"column":null}},"5":{"start":{"line":13,"column":2},"end":{"line":27,"column":null}},"6":{"start":{"line":14,"column":4},"end":{"line":15,"column":null}},"7":{"start":{"line":15,"column":6},"end":{"line":15,"column":null}},"8":{"start":{"line":18,"column":23},"end":{"line":18,"column":60}},"9":{"start":{"line":19,"column":10},"end":{"line":19,"column":82}},"10":{"start":{"line":19,"column":56},"end":{"line":19,"column":82}},"11":{"start":{"line":21,"column":4},"end":{"line":21,"column":null}},"12":{"start":{"line":22,"column":4},"end":{"line":22,"column":null}},"13":{"start":{"line":24,"column":4},"end":{"line":25,"column":null}},"14":{"start":{"line":25,"column":6},"end":{"line":25,"column":null}},"15":{"start":{"line":29,"column":2},"end":{"line":29,"column":null}}},"fnMap":{"0":{"name":"useIsMobile","decl":{"start":{"line":5,"column":24},"end":{"line":5,"column":38}},"loc":{"start":{"line":5,"column":38},"end":{"line":29,"column":null}},"line":5},"1":{"name":"(anonymous_1)","decl":{"start":{"line":6,"column":34},"end":{"line":6,"column":49}},"loc":{"start":{"line":6,"column":49},"end":{"line":11,"column":null}},"line":6},"2":{"name":"(anonymous_2)","decl":{"start":{"line":13,"column":2},"end":{"line":13,"column":18}},"loc":{"start":{"line":13,"column":18},"end":{"line":27,"column":7}},"line":13},"3":{"name":"(anonymous_3)","decl":{"start":{"line":19,"column":10},"end":{"line":19,"column":25}},"loc":{"start":{"line":19,"column":56},"end":{"line":19,"column":82}},"line":19},"4":{"name":"(anonymous_4)","decl":{"start":{"line":24,"column":4},"end":{"line":24,"column":17}},"loc":{"start":{"line":24,"column":17},"end":{"line":25,"column":null}},"line":24}},"branchMap":{"0":{"loc":{"start":{"line":7,"column":4},"end":{"line":8,"column":null}},"type":"if","locations":[{"start":{"line":7,"column":4},"end":{"line":8,"column":null}},{"start":{},"end":{}}],"line":7},"1":{"loc":{"start":{"line":7,"column":8},"end":{"line":7,"column":82}},"type":"binary-expr","locations":[{"start":{"line":7,"column":8},"end":{"line":7,"column":41}},{"start":{"line":7,"column":41},"end":{"line":7,"column":82}}],"line":7},"2":{"loc":{"start":{"line":14,"column":4},"end":{"line":15,"column":null}},"type":"if","locations":[{"start":{"line":14,"column":4},"end":{"line":15,"column":null}},{"start":{},"end":{}}],"line":14},"3":{"loc":{"start":{"line":14,"column":8},"end":{"line":14,"column":82}},"type":"binary-expr","locations":[{"start":{"line":14,"column":8},"end":{"line":14,"column":41}},{"start":{"line":14,"column":41},"end":{"line":14,"column":82}}],"line":14}},"s":{"0":2,"1":33,"2":8,"3":8,"4":0,"5":33,"6":8,"7":8,"8":0,"9":0,"10":0,"11":0,"12":0,"13":0,"14":0,"15":33},"f":{"0":33,"1":8,"2":8,"3":0,"4":0},"b":{"0":[8,0],"1":[8,8],"2":[8,0],"3":[8,8]},"meta":{"lastBranch":4,"lastFunction":5,"lastStatement":16,"seen":{"s:3:27:3:Infinity":0,"f:5:24:5:38":0,"s:6:19:11:Infinity":1,"f:6:34:6:49":1,"b:7:4:8:Infinity:undefined:undefined:undefined:undefined":0,"s:7:4:8:Infinity":2,"b:7:8:7:41:7:41:7:82":1,"s:8:6:8:Infinity":3,"s:10:4:10:Infinity":4,"s:13:2:27:Infinity":5,"f:13:2:13:18":2,"b:14:4:15:Infinity:undefined:undefined:undefined:undefined":2,"s:14:4:15:Infinity":6,"b:14:8:14:41:14:41:14:82":3,"s:15:6:15:Infinity":7,"s:18:23:18:60":8,"s:19:10:19:82":9,"f:19:10:19:25":3,"s:19:56:19:82":10,"s:21:4:21:Infinity":11,"s:22:4:22:Infinity":12,"s:24:4:25:Infinity":13,"f:24:4:24:17":4,"s:25:6:25:Infinity":14,"s:29:2:29:Infinity":15}}}
,"C:\\Users\\y-nakamachi\\Desktop\\ポートフォリオ\\genba-react\\src\\utils\\date.ts": {"path":"C:\\Users\\y-nakamachi\\Desktop\\ポートフォリオ\\genba-react\\src\\utils\\date.ts","statementMap":{"0":{"start":{"line":2,"column":2},"end":{"line":3,"column":null}},"1":{"start":{"line":3,"column":4},"end":{"line":3,"column":null}},"2":{"start":{"line":6,"column":29},"end":{"line":6,"column":45}},"3":{"start":{"line":7,"column":2},"end":{"line":7,"column":null}},"4":{"start":{"line":11,"column":2},"end":{"line":12,"column":null}},"5":{"start":{"line":12,"column":4},"end":{"line":12,"column":null}},"6":{"start":{"line":15,"column":21},"end":{"line":15,"column":33}},"7":{"start":{"line":16,"column":22},"end":{"line":16,"column":35}},"8":{"start":{"line":17,"column":20},"end":{"line":17,"column":31}},"9":{"start":{"line":19,"column":2},"end":{"line":20,"column":null}},"10":{"start":{"line":20,"column":4},"end":{"line":20,"column":null}},"11":{"start":{"line":23,"column":18},"end":{"line":23,"column":64}},"12":{"start":{"line":24,"column":2},"end":{"line":25,"column":null}},"13":{"start":{"line":25,"column":4},"end":{"line":25,"column":null}},"14":{"start":{"line":28,"column":2},"end":{"line":28,"column":null}},"15":{"start":{"line":32,"column":2},"end":{"line":33,"column":null}},"16":{"start":{"line":33,"column":4},"end":{"line":33,"column":null}},"17":{"start":{"line":36,"column":2},"end":{"line":36,"column":null}},"18":{"start":{"line":40,"column":2},"end":{"line":41,"column":null}},"19":{"start":{"line":41,"column":4},"end":{"line":41,"column":null}},"20":{"start":{"line":44,"column":31},"end":{"line":44,"column":50}},"21":{"start":{"line":45,"column":2},"end":{"line":46,"column":null}},"22":{"start":{"line":46,"column":4},"end":{"line":46,"column":null}},"23":{"start":{"line":49,"column":2},"end":{"line":50,"column":null}},"24":{"start":{"line":50,"column":4},"end":{"line":50,"column":null}},"25":{"start":{"line":53,"column":2},"end":{"line":53,"column":null}}},"fnMap":{"0":{"name":"splitIsoDate","decl":{"start":{"line":1,"column":16},"end":{"line":1,"column":29}},"loc":{"start":{"line":1,"column":44},"end":{"line":7,"column":null}},"line":1},"1":{"name":"buildIsoDate","decl":{"start":{"line":10,"column":16},"end":{"line":10,"column":29}},"loc":{"start":{"line":10,"column":71},"end":{"line":28,"column":null}},"line":10},"2":{"name":"getDaysInMonth","decl":{"start":{"line":31,"column":16},"end":{"line":31,"column":31}},"loc":{"start":{"line":31,"column":60},"end":{"line":36,"column":null}},"line":31},"3":{"name":"formatDateForDisplay","decl":{"start":{"line":39,"column":16},"end":{"line":39,"column":37}},"loc":{"start":{"line":39,"column":71},"end":{"line":53,"column":null}},"line":39}},"branchMap":{"0":{"loc":{"start":{"line":2,"column":2},"end":{"line":3,"column":null}},"type":"if","locations":[{"start":{"line":2,"column":2},"end":{"line":3,"column":null}},{"start":{},"end":{}}],"line":2},"1":{"loc":{"start":{"line":11,"column":2},"end":{"line":12,"column":null}},"type":"if","locations":[{"start":{"line":11,"column":2},"end":{"line":12,"column":null}},{"start":{},"end":{}}],"line":11},"2":{"loc":{"start":{"line":11,"column":6},"end":{"line":11,"column":31}},"type":"binary-expr","locations":[{"start":{"line":11,"column":6},"end":{"line":11,"column":15}},{"start":{"line":11,"column":15},"end":{"line":11,"column":25}},{"start":{"line":11,"column":25},"end":{"line":11,"column":31}}],"line":11},"3":{"loc":{"start":{"line":19,"column":2},"end":{"line":20,"column":null}},"type":"if","locations":[{"start":{"line":19,"column":2},"end":{"line":20,"column":null}},{"start":{},"end":{}}],"line":19},"4":{"loc":{"start":{"line":19,"column":6},"end":{"line":19,"column":86}},"type":"binary-expr","locations":[{"start":{"line":19,"column":6},"end":{"line":19,"column":30}},{"start":{"line":19,"column":34},"end":{"line":19,"column":59}},{"start":{"line":19,"column":63},"end":{"line":19,"column":86}}],"line":19},"5":{"loc":{"start":{"line":24,"column":2},"end":{"line":25,"column":null}},"type":"if","locations":[{"start":{"line":24,"column":2},"end":{"line":25,"column":null}},{"start":{},"end":{}}],"line":24},"6":{"loc":{"start":{"line":32,"column":2},"end":{"line":33,"column":null}},"type":"if","locations":[{"start":{"line":32,"column":2},"end":{"line":33,"column":null}},{"start":{},"end":{}}],"line":32},"7":{"loc":{"start":{"line":32,"column":6},"end":{"line":32,"column":23}},"type":"binary-expr","locations":[{"start":{"line":32,"column":6},"end":{"line":32,"column":15}},{"start":{"line":32,"column":15},"end":{"line":32,"column":23}}],"line":32},"8":{"loc":{"start":{"line":40,"column":2},"end":{"line":41,"column":null}},"type":"if","locations":[{"start":{"line":40,"column":2},"end":{"line":41,"column":null}},{"start":{},"end":{}}],"line":40},"9":{"loc":{"start":{"line":45,"column":2},"end":{"line":46,"column":null}},"type":"if","locations":[{"start":{"line":45,"column":2},"end":{"line":46,"column":null}},{"start":{},"end":{}}],"line":45},"10":{"loc":{"start":{"line":45,"column":6},"end":{"line":45,"column":31}},"type":"binary-expr","locations":[{"start":{"line":45,"column":6},"end":{"line":45,"column":15}},{"start":{"line":45,"column":15},"end":{"line":45,"column":25}},{"start":{"line":45,"column":25},"end":{"line":45,"column":31}}],"line":45},"11":{"loc":{"start":{"line":49,"column":2},"end":{"line":50,"column":null}},"type":"if","locations":[{"start":{"line":49,"column":2},"end":{"line":50,"column":null}},{"start":{},"end":{}}],"line":49}},"s":{"0":41,"1":13,"2":28,"3":28,"4":0,"5":0,"6":0,"7":0,"8":0,"9":0,"10":0,"11":0,"12":0,"13":0,"14":0,"15":23,"16":13,"17":10,"18":18,"19":0,"20":18,"21":18,"22":0,"23":18,"24":0,"25":18},"f":{"0":41,"1":0,"2":23,"3":18},"b":{"0":[13,28],"1":[0,0],"2":[0,0,0],"3":[0,0],"4":[0,0,0],"5":[0,0],"6":[13,10],"7":[23,10],"8":[0,18],"9":[0,18],"10":[18,18,18],"11":[0,18]},"meta":{"lastBranch":12,"lastFunction":4,"lastStatement":26,"seen":{"f:1:16:1:29":0,"b:2:2:3:Infinity:undefined:undefined:undefined:undefined":0,"s:2:2:3:Infinity":0,"s:3:4:3:Infinity":1,"s:6:29:6:45":2,"s:7:2:7:Infinity":3,"f:10:16:10:29":1,"b:11:2:12:Infinity:undefined:undefined:undefined:undefined":1,"s:11:2:12:Infinity":4,"b:11:6:11:15:11:15:11:25:11:25:11:31":2,"s:12:4:12:Infinity":5,"s:15:21:15:33":6,"s:16:22:16:35":7,"s:17:20:17:31":8,"b:19:2:20:Infinity:undefined:undefined:undefined:undefined":3,"s:19:2:20:Infinity":9,"b:19:6:19:30:19:34:19:59:19:63:19:86":4,"s:20:4:20:Infinity":10,"s:23:18:23:64":11,"b:24:2:25:Infinity:undefined:undefined:undefined:undefined":5,"s:24:2:25:Infinity":12,"s:25:4:25:Infinity":13,"s:28:2:28:Infinity":14,"f:31:16:31:31":2,"b:32:2:33:Infinity:undefined:undefined:undefined:undefined":6,"s:32:2:33:Infinity":15,"b:32:6:32:15:32:15:32:23":7,"s:33:4:33:Infinity":16,"s:36:2:36:Infinity":17,"f:39:16:39:37":3,"b:40:2:41:Infinity:undefined:undefined:undefined:undefined":8,"s:40:2:41:Infinity":18,"s:41:4:41:Infinity":19,"s:44:31:44:50":20,"b:45:2:46:Infinity:undefined:undefined:undefined:undefined":9,"s:45:2:46:Infinity":21,"b:45:6:45:15:45:15:45:25:45:25:45:31":10,"s:46:4:46:Infinity":22,"b:49:2:50:Infinity:undefined:undefined:undefined:undefined":11,"s:49:2:50:Infinity":23,"s:50:4:50:Infinity":24,"s:53:2:53:Infinity":25}}}
,"C:\\Users\\y-nakamachi\\Desktop\\ポートフォリオ\\genba-react\\src\\utils\\observation.ts": {"path":"C:\\Users\\y-nakamachi\\Desktop\\ポートフォリオ\\genba-react\\src\\utils\\observation.ts","statementMap":{"0":{"start":{"line":50,"column":17},"end":{"line":50,"column":null}},"1":{"start":{"line":51,"column":2},"end":{"line":51,"column":null}},"2":{"start":{"line":56,"column":2},"end":{"line":56,"column":null}},"3":{"start":{"line":60,"column":21},"end":{"line":60,"column":33}},"4":{"start":{"line":61,"column":2},"end":{"line":62,"column":null}},"5":{"start":{"line":62,"column":4},"end":{"line":62,"column":null}},"6":{"start":{"line":65,"column":17},"end":{"line":65,"column":35}},"7":{"start":{"line":66,"column":2},"end":{"line":66,"column":null}},"8":{"start":{"line":70,"column":21},"end":{"line":70,"column":47}},"9":{"start":{"line":71,"column":2},"end":{"line":72,"column":null}},"10":{"start":{"line":72,"column":4},"end":{"line":72,"column":null}},"11":{"start":{"line":74,"column":2},"end":{"line":75,"column":null}},"12":{"start":{"line":75,"column":4},"end":{"line":75,"column":null}},"13":{"start":{"line":78,"column":17},"end":{"line":78,"column":35}},"14":{"start":{"line":79,"column":2},"end":{"line":80,"column":null}},"15":{"start":{"line":80,"column":4},"end":{"line":80,"column":null}},"16":{"start":{"line":83,"column":2},"end":{"line":83,"column":null}},"17":{"start":{"line":87,"column":17},"end":{"line":87,"column":88}},"18":{"start":{"line":87,"column":73},"end":{"line":87,"column":88}},"19":{"start":{"line":88,"column":2},"end":{"line":89,"column":null}},"20":{"start":{"line":89,"column":4},"end":{"line":89,"column":null}},"21":{"start":{"line":91,"column":2},"end":{"line":91,"column":null}},"22":{"start":{"line":91,"column":45},"end":{"line":91,"column":58}},"23":{"start":{"line":95,"column":2},"end":{"line":96,"column":null}},"24":{"start":{"line":96,"column":4},"end":{"line":96,"column":null}},"25":{"start":{"line":99,"column":2},"end":{"line":99,"column":null}},"26":{"start":{"line":103,"column":2},"end":{"line":110,"column":null}},"27":{"start":{"line":114,"column":15},"end":{"line":114,"column":48}},"28":{"start":{"line":115,"column":2},"end":{"line":115,"column":null}},"29":{"start":{"line":115,"column":20},"end":{"line":115,"column":null}},"30":{"start":{"line":116,"column":19},"end":{"line":116,"column":null}},"31":{"start":{"line":117,"column":21},"end":{"line":117,"column":null}},"32":{"start":{"line":118,"column":2},"end":{"line":118,"column":null}},"33":{"start":{"line":118,"column":32},"end":{"line":118,"column":null}},"34":{"start":{"line":119,"column":2},"end":{"line":119,"column":null}},"35":{"start":{"line":126,"column":21},"end":{"line":126,"column":null}},"36":{"start":{"line":127,"column":41},"end":{"line":127,"column":43}},"37":{"start":{"line":129,"column":2},"end":{"line":178,"column":null}},"38":{"start":{"line":130,"column":27},"end":{"line":130,"column":54}},"39":{"start":{"line":131,"column":18},"end":{"line":131,"column":40}},"40":{"start":{"line":133,"column":4},"end":{"line":134,"column":null}},"41":{"start":{"line":134,"column":6},"end":{"line":134,"column":null}},"42":{"start":{"line":137,"column":31},"end":{"line":137,"column":null}},"43":{"start":{"line":138,"column":4},"end":{"line":139,"column":null}},"44":{"start":{"line":139,"column":6},"end":{"line":139,"column":null}},"45":{"start":{"line":142,"column":4},"end":{"line":142,"column":null}},"46":{"start":{"line":144,"column":22},"end":{"line":144,"column":41}},"47":{"start":{"line":146,"column":4},"end":{"line":158,"column":null}},"48":{"start":{"line":147,"column":6},"end":{"line":157,"column":null}},"49":{"start":{"line":158,"column":6},"end":{"line":158,"column":null}},"50":{"start":{"line":161,"column":18},"end":{"line":161,"column":40}},"51":{"start":{"line":162,"column":27},"end":{"line":162,"column":99}},"52":{"start":{"line":163,"column":4},"end":{"line":164,"column":null}},"53":{"start":{"line":164,"column":6},"end":{"line":164,"column":null}},"54":{"start":{"line":167,"column":4},"end":{"line":177,"column":null}},"55":{"start":{"line":189,"column":7},"end":{"line":189,"column":9}},"56":{"start":{"line":191,"column":2},"end":{"line":202,"column":null}},"57":{"start":{"line":191,"column":15},"end":{"line":191,"column":18}},"58":{"start":{"line":192,"column":20},"end":{"line":192,"column":null}},"59":{"start":{"line":193,"column":17},"end":{"line":193,"column":null}},"60":{"start":{"line":194,"column":18},"end":{"line":194,"column":60}},"61":{"start":{"line":195,"column":4},"end":{"line":195,"column":null}},"62":{"start":{"line":195,"column":19},"end":{"line":195,"column":null}},"63":{"start":{"line":196,"column":25},"end":{"line":196,"column":67}},"64":{"start":{"line":197,"column":17},"end":{"line":197,"column":47}},"65":{"start":{"line":198,"column":4},"end":{"line":202,"column":null}},"66":{"start":{"line":206,"column":37},"end":{"line":206,"column":39}},"67":{"start":{"line":207,"column":25},"end":{"line":207,"column":62}},"68":{"start":{"line":209,"column":2},"end":{"line":245,"column":null}},"69":{"start":{"line":210,"column":21},"end":{"line":210,"column":null}},"70":{"start":{"line":211,"column":19},"end":{"line":211,"column":null}},"71":{"start":{"line":213,"column":4},"end":{"line":245,"column":null}},"72":{"start":{"line":214,"column":17},"end":{"line":214,"column":null}},"73":{"start":{"line":215,"column":17},"end":{"line":215,"column":null}},"74":{"start":{"line":216,"column":21},"end":{"line":216,"column":49}},"75":{"start":{"line":217,"column":6},"end":{"line":226,"column":null}},"76":{"start":{"line":227,"column":15},"end":{"line":245,"column":null}},"77":{"start":{"line":228,"column":18},"end":{"line":228,"column":null}},"78":{"start":{"line":229,"column":6},"end":{"line":229,"column":null}},"79":{"start":{"line":229,"column":36},"end":{"line":229,"column":null}},"80":{"start":{"line":230,"column":6},"end":{"line":230,"column":null}},"81":{"start":{"line":231,"column":15},"end":{"line":245,"column":null}},"82":{"start":{"line":232,"column":18},"end":{"line":232,"column":null}},"83":{"start":{"line":233,"column":6},"end":{"line":233,"column":null}},"84":{"start":{"line":233,"column":36},"end":{"line":233,"column":null}},"85":{"start":{"line":234,"column":6},"end":{"line":234,"column":null}},"86":{"start":{"line":236,"column":6},"end":{"line":245,"column":null}},"87":{"start":{"line":250,"column":2},"end":{"line":269,"column":null}},"88":{"start":{"line":251,"column":21},"end":{"line":251,"column":null}},"89":{"start":{"line":252,"column":19},"end":{"line":252,"column":76}},"90":{"start":{"line":252,"column":44},"end":{"line":252,"column":76}},"91
[...]
,{"start":{"line":35,"column":65},"end":{"line":35,"column":69}}],"line":35},"1":{"loc":{"start":{"line":36,"column":2},"end":{"line":36,"column":null}},"type":"if","locations":[{"start":{"line":36,"column":2},"end":{"line":36,"column":null}},{"start":{},"end":{}}],"line":36},"2":{"loc":{"start":{"line":38,"column":2},"end":{"line":38,"column":null}},"type":"if","locations":[{"start":{"line":38,"column":2},"end":{"line":38,"column":null}},{"start":{},"end":{}}],"line":38},"3":{"loc":{"start":{"line":43,"column":29},"end":{"line":43,"column":77}},"type":"binary-expr","locations":[{"start":{"line":43,"column":29},"end":{"line":43,"column":73}},{"start":{"line":43,"column":73},"end":{"line":43,"column":77}}],"line":43},"4":{"loc":{"start":{"line":44,"column":30},"end":{"line":44,"column":85}},"type":"binary-expr","locations":[{"start":{"line":44,"column":30},"end":{"line":44,"column":77}},{"start":{"line":44,"column":77},"end":{"line":44,"column":85}}],"line":44},"5":{"loc":{"start":{"line":56,"column":2},"end":{"line":57,"column":null}},"type":"if","locations":[{"start":{"line":56,"column":2},"end":{"line":57,"column":null}},{"start":{},"end":{}}],"line":56},"6":{"loc":{"start":{"line":64,"column":2},"end":{"line":69,"column":null}},"type":"if","locations":[{"start":{"line":64,"column":2},"end":{"line":69,"column":null}},{"start":{},"end":{}}],"line":64},"7":{"loc":{"start":{"line":67,"column":4},"end":{"line":69,"column":null}},"type":"if","locations":[{"start":{"line":67,"column":4},"end":{"line":69,"column":null}},{"start":{},"end":{}}],"line":67},"8":{"loc":{"start":{"line":67,"column":8},"end":{"line":67,"column":58}},"type":"binary-expr","locations":[{"start":{"line":67,"column":8},"end":{"line":67,"column":30}},{"start":{"line":67,"column":34},"end":{"line":67,"column":58}}],"line":67},"9":{"loc":{"start":{"line":87,"column":4},"end":{"line":88,"column":null}},"type":"if","locations":[{"start":{"line":87,"column":4},"end":{"line":88,"column":null}},{"start":{},"end":{}}],"line":87},"10":{"loc":{"start":{"line":87,"column":8},"end":{"line":87,"column":45}},"type":"binary-expr","locations":[{"start":{"line":87,"column":8},"end":{"line":87,"column":21}},{"start":{"line":87,"column":21},"end":{"line":87,"column":45}}],"line":87},"11":{"loc":{"start":{"line":93,"column":4},"end":{"line":94,"column":null}},"type":"if","locations":[{"start":{"line":93,"column":4},"end":{"line":94,"column":null}},{"start":{},"end":{}}],"line":93},"12":{"loc":{"start":{"line":106,"column":2},"end":{"line":107,"column":null}},"type":"if","locations":[{"start":{"line":106,"column":2},"end":{"line":107,"column":null}},{"start":{},"end":{}}],"line":106},"13":{"loc":{"start":{"line":112,"column":2},"end":{"line":113,"column":null}},"type":"if","locations":[{"start":{"line":112,"column":2},"end":{"line":113,"column":null}},{"start":{},"end":{}}],"line":112},"14":{"loc":{"start":{"line":112,"column":6},"end":{"line":112,"column":58}},"type":"binary-expr","locations":[{"start":{"line":112,"column":6},"end":{"line":112,"column":29}},{"start":{"line":112,"column":33},"end":{"line":112,"column":58}}],"line":112},"15":{"loc":{"start":{"line":115,"column":2},"end":{"line":116,"column":null}},"type":"if","locations":[{"start":{"line":115,"column":2},"end":{"line":116,"column":null}},{"start":{},"end":{}}],"line":115},"16":{"loc":{"start":{"line":115,"column":6},"end":{"line":115,"column":62}},"type":"binary-expr","locations":[{"start":{"line":115,"column":6},"end":{"line":115,"column":19}},{"start":{"line":115,"column":19},"end":{"line":115,"column":33}},{"start":{"line":115,"column":33},"end":{"line":115,"column":48}},{"start":{"line":115,"column":48},"end":{"line":115,"column":62}}],"line":115},"17":{"loc":{"start":{"line":131,"column":2},"end":{"line":132,"column":null}},"type":"if","locations":[{"start":{"line":131,"column":2},"end":{"line":132,"column":null}},{"start":{},"end":{}}],"line":131},"18":{"loc":{"start":{"line":131,"column":6},"end":{"line":131,"column":38}},"type":"binary-expr","locations":[{"start":{"line":131,"column":6},"end":{"line":131,"column":24}},{"start":{"line":131,"column":24},"end":{"line":131,"column":38}}],"line":131},"19":{"loc":{"start":{"line":134,"column":2},"end":{"line":135,"column":null}},"type":"if","locations":[{"start":{"line":134,"column":2},"end":{"line":135,"column":null}},{"start":{},"end":{}}],"line":134},"20":{"loc":{"start":{"line":151,"column":2},"end":{"line":152,"column":null}},"type":"if","locations":[{"start":{"line":151,"column":2},"end":{"line":152,"column":null}},{"start":{},"end":{}}],"line":151},"21":{"loc":{"start":{"line":156,"column":2},"end":{"line":157,"column":null}},"type":"if","locations":[{"start":{"line":156,"column":2},"end":{"line":157,"column":null}},{"start":{},"end":{}}],"line":156},"22":{"loc":{"start":{"line":163,"column":9},"end":{"line":163,"column":null}},"type":"binary-expr","locations":[{"start":{"line":163,"column":9},"end":{"line":163,"column":21}},{"start":{"line":163,"column":21},"end":{"line":163,"column":32}},{"start":{"line":163,"column":32},"end":{"line":163,"column":null}}],"line":163},"23":{"loc":{"start":{"line":169,"column":2},"end":{"line":170,"column":null}},"type":"if","locations":[{"start":{"line":169,"column":2},"end":{"line":170,"column":null}},{"start":{},"end":{}}],"line":169},"24":{"loc":{"start":{"line":174,"column":44},"end":{"line":174,"column":73}},"type":"binary-expr","locations":[{"start":{"line":174,"column":44},"end":{"line":174,"column":71}},{"start":{"line":174,"column":71},"end":{"line":174,"column":73}}],"line":174},"25":{"loc":{"start":{"line":175,"column":2},"end":{"line":176,"column":null}},"type":"if","locations":[{"start":{"line":175,"column":2},"end":{"line":176,"column":null}},{"start":{},"end":{}}],"line":175},"26":{"loc":{"start":{"line":180,"column":2},"end":{"line":181,"column":null}},"type":"if","locations":[{"start":{"line":180,"column":2},"end":{"line":181,"column":null}},{"start":{},"end":{}}],"line":180},"27":{"loc":{"start":{"line":191,"column":4},"end":{"line":192,"column":null}},"type":"if","locations":[{"start":{"line":191,"column":4},"end":{"line":192,"column":null}},{"start":{},"end":{}}],"line":191},"28":{"loc":{"start":{"line":197,"column":4},"end":{"line":198,"column":null}},"type":"if","locations":[{"start":{"line":197,"column":4},"end":{"line":198,"column":null}},{"start":{},"end":{}}],"line":197},"29":{"loc":{"start":{"line":208,"column":2},"end":{"line":209,"column":null}},"type":"if","locations":[{"start":{"line":208,"column":2},"end":{"line":209,"column":null}},{"start":{},"end":{}}],"line":208},"30":{"loc":{"start":{"line":213,"column":44},"end":{"line":213,"column":73}},"type":"binary-expr","locations":[{"start":{"line":213,"column":44},"end":{"line":213,"column":71}},{"start":{"line":213,"column":71},"end":{"line":213,"column":73}}],"line":213},"31":{"loc":{"start":{"line":214,"column":2},"end":{"line":215,"column":null}},"type":"if","locations":[{"start":{"line":214,"column":2},"end":{"line":215,"column":null}},{"start":{},"end":{}}],"line":214},"32":{"loc":{"start":{"line":224,"column":2},"end":{"line":225,"column":null}},"type":"if","locations":[{"start":{"line":224,"column":2},"end":{"line":225,"column":null}},{"start":{},"end":{}}],"line":224},"33":{"loc":{"start":{"line":230,"column":9},"end":{"line":230,"column":null}},"type":"cond-expr","locations":[{"start":{"line":230,"column":39},"end":{"line":230,"column":52}},{"start":{"line":230,"column":52},"end":{"line":230,"column":null}}],"line":230},"34":{"loc":{"start":{"line":240,"column":2},"end":{"line":241,"column":null}},"type":"if","locations":[{"start":{"line":240,"column":2},"end":{"line":241,"column":null}},{"start":{},"end":{}}],"line":240},"35":{"loc":{"start":{"line":245,"column":2},"end":{"line":246,"column":null}},"type":"if","locations":[{"start":{"line":245,"column":2},"end":{"line":246,"column":null}},{"start":{},"end":{}}],"line":245},"36":{"loc":{"start":{"line":249,"column":2},"end":{"line":271,"column":null}},"type":"if","locations":[{"start":{"line":249,"column":2},"end":{"line":271,"column":null}},{"start":{},"end":{}}],"line":249},"37":{"loc":{"start":{"line":256,"column":6},"end":{"line":257,"column":null}},"type":"if","locations":[{"start":{"line":256,"column":6},"end":{"line":257,"column":null}},{"start":{},"end":{}}],"line":256},"38":{"loc":{"start":{"line":261,"column":4},"end":{"line":267,"column":null}},"type":"if","locations":[{"start":{"line":261,"column":4},"end":{"line":267,"column":null}},{"start":{},"end":{}}],"line":261},"39":{"loc":{"start":{"line":270,"column":4},"end":{"line":271,"column":null}},"type":"if","locations":[{"start":{"line":270,"column":4},"end":{"line":271,"column":null}},{"start":{},"end":{}}],"line":270},"40":{"loc":{"start":{"line":275,"column":2},"end":{"line":276,"column":null}},"type":"if","locations":[{"start":{"line":275,"column":2},"end":{"line":276,"column":null}},{"start":{},"end":{}}],"line":275},"41":{"loc":{"start":{"line":287,"column":2},"end":{"line":288,"column":null}},"type":"if","locations":[{"start":{"line":287,"column":2},"end":{"line":288,"column":null}},{"start":{},"end":{}}],"line":287},"42":{"loc":{"start":{"line":293,"column":2},"end":{"line":294,"column":null}},"type":"if","locations":[{"start":{"line":293,"column":2},"end":{"line":294,"column":null}},{"start":{},"end":{}}],"line":293},"43":{"loc":{"start":{"line":301,"column":2},"end":{"line":309,"column":null}},"type":"if","locations":[{"start":{"line":301,"column":2},"end":{"line":309,"column":null}},{"start":{},"end":{}}],"line":301},"44":{"loc":{"start":{"line":305,"column":6},"end":{"line":309,"column":null}},"type":"if","locations":[{"start":{"line":305,"column":6},"end":{"line":309,"column":null}},{"start":{},"end":{}}],"line":305},"45":{"loc":{"start":{"line":306,"column":24},"end":{"line":306,"column":null}},"type":"cond-expr","locations":[{"start":{"line":306,"column":49},"end":{"line":306,"column":65}},{"start":{"line":306,"column":65},"end":{"line":306,"column":null}}],"line":306},"46":{"loc":{"start":{"line":314,"column":2},"end":{"line":315,"column":null}},"type":"if","locations":[{"start":{"line":314,"column":2},"end":{"line":315,"column":null}},{"start":{},"end":{}}],"line":314},"47":{"loc":{"start":{"line":324,"column":2},"end":{"line":325,"column":null}},"type":"if","locations":[{"start":{"line":324,"column":2},"end":{"line":325,"column":null}},{"start":{},"end":{}}],"line":324},"48":{"loc":{"start":{"line":330,"column":2},"end":{"line":331,"column":null}},"type":"if","locations":[{"start":{"line":330,"column":2},"end":{"line":331,"column":null}},{"start":{},"end":{}}],"line":330}},"s":{"0":1,"1":1,"2":1,"3":0,"4":1,"5":1,"6":0,"7":1,"8":1,"9":0,"10":0,"11":0,"12":0,"13":0,"14":0,"15":0,"16":0,"17":0,"18":0,"19":0,"20":0,"21":0,"22":0,"23":0,"24":0,"25":0,"26":0,"27":0,"28":0,"29":0,"30":0,"31":0,"32":0,"33":0,"34":0,"35":0,"36":0,"37":0,"38":0,"39":0,"40":0,"41":0,"42":0,"43":0,"44":0,"45":0,"46":0,"47":0,"48":0,"49":0,"50":0,"51":0,"52":0,"53":0,"54":0,"55":0,"56":0,"57":0,"58":0,"59":0,"60":0,"61":0,"62":0,"63":0,"64":0,"65":0,"66":0,"67":0,"68":0,"69":0,"70":0,"71":0,"72":0,"73":0,"74":0,"75":0,"76":0,"77":0,"78":0,"79":0,"80":0,"81":0,"82":0,"83":0,"84":0,"85":0,"86":0,"87":0,"88":0,"89":0,"90":0,"91":0,"92":0,"93":0,"94":0,"95":0,"96":0,"97":0,"98":0,"99":0,"100":0,"101":0,"102":0,"103":0,"104":0,"105":0,"106":0,"107":0,"108":0,"109":0,"110":0,"111":0,"112":0,"113":0,"114":0,"115":0,"116":0,"117":0,"118":0,"119":0,"120":0,"121":0,"122":0,"123":0,"124":0,"125":0,"126":0,"127":0,"128":0,"129":0,"130":0,"131":0,"132":0,"133":0,"134":0,"135":0,"136":0,"137":0,"138":0,"139":0,"140":0,"141":0,"142":0,"143":0,"144":0,"145":0,"146":0,"147":0,"148":0,"149":0,"150":0,"151":0,"152":0,"153":0,"154":0,"155":0,"156":0,"157":0,"158":0,"159":0,"160":0,"161":0,"162":0,"163":0,"164":0,"165":0,"166":0},"f":{"0":1,"1":0,"2":0,"3":0,"4":0,"5":0,"6":0,"7":0,"8":0,"9":0,"10":0,"11":0,"12":0,"13":0,"14":0,"15":0,"16":0,"17":0,"18":0,"19":0,"20":0},"b":{"0":[1,1],"1":[0,1],"2":[1,0],"3":[1,1],"4":[1,1],"5":[0,0],"6":[0,0],"7":[0,0],"8":[0,0],"9":[0,0],"10":[0,0],"11":[0,0],"12":[0,0],"13":[0,0],"14":[0,0],"15":[0,0],"16":[0,0,0,0],"17":[0,0],"18":[0,0],"19":[0,0],"20":[0,0],"21":[0,0],"22":[0,0,0],"23":[0,0],"24":[0,0],"25":[0,0],"26":[0,0],"27":[0,0],"28":[0,0],"29":[0,0],"30":[0,0],"31":[0,0],"32":[0,0],"33":[0,0],"34":[0,0],"35":[0,0],"36":[0,0],"37":[0,0],"38":[0,0],"39":[0,0],"40":[0,0],"41":[0,0],"42":[0,0],"43":[0,0],"44":[0,0],"45":[0,0],"46":[0,0],"47":[0,0],"48":[0,0]},"meta":{"lastBranch":49,"lastFunction":21,"lastStatement":167,"seen":{"s:34:38:42:Infinity":0,"f:34:38:34:Infinity":0,"s:35:8:35:75":1,"b:35:18:35:65:35:65:35:69":0,"b:36:2:36:Infinity:undefined:undefined:undefined:undefined":1,"s:36:2:36:Infinity":2,"s:36:14:36:Infinity":3,"b:38:2:38:Infinity:undefined:undefined:undefined:undefined":2,"s:38:2:38:Infinity":4,"s:38:27:38:Infinity":5,"s:41:2:41:Infinity":6,"s:43:6:43:83":7,"b:43:29:43:73:43:73:43:77":3,"s:44:6:44:Infinity":8,"b:44:30:44:77:44:77:44:85":4,"f:46:9:46:13":1,"s:47:2:47:Infinity":9,"f:50:9:50:21":2,"s:51:2:51:Infinity":10,"f:54:9:54:20":3,"s:55:19:55:40":11,"b:56:2:57:Infinity:undefined:undefined:undefined:undefined":5,"s:56:2:57:Infinity":12,"s:57:4:57:Infinity":13,"s:59:2:59:Infinity":14,"f:62:9:62:27":4,"s:63:16:63:51":15,"b:64:2:69:Infinity:undefined:undefined:undefined:undefined":6,"s:64:2:69:Infinity":16,"s:65:18:65:34":17,"s:66:20:66:36":18,"b:67:4:69:Infinity:undefined:undefined:undefined:undefined":7,"s:67:4:69:Infinity":19,"b:67:8:67:30:67:34:67:58":8,"s:68:29:68:Infinity":20,"s:69:6:69:Infinity":21,"s:73:14:73:24":22,"s:74:25:74:Infinity":23,"s:75:2:75:Infinity":24,"f:78:9:78:32":5,"s:79:23:79:53":25,"s:80:25:80:55":26,"s:81:16:81:Infinity":27,"s:82:18:82:Infinity":28,"s:83:23:83:40":29,"s:85:2:97:Infinity":30,"f:85:10:85:18":6,"s:86:18:86:Infinity":31,"b:87:4:88:Infinity:undefined:undefined:undefined:undefined":9,"s:87:4:88:Infinity":32,"b:87:8:87:21:87:21:87:45":10,"s:88:6:88:Infinity":33,"s:91:17:91:39":34,"s:92:19:92:Infinity":35,"b:93:4:94:Infinity:undefined:undefined:undefined:undefined":11,"s:93:4:94:Infinity":36,"s:94:6:94:Infinity":37,"s:96:4:96:Infinity":38,"s:100:3:100:Infinity":39,"f:100:44:100:52":7,"s:100:59:100:80":40,"s:101:2:101:Infinity":41,"f:104:9:104:28":8,"s:105:16:105:47":42,"b:106:2:107:Infinity:undefined:undefined:undefined:undefined":12,"s:106:2:107:Infinity":43,"s:107:4:107:Infinity":44,"s:110:16:110:32":45,"s:111:18:111:34":46,"b:112:2:113:Infinity:undefined:undefined:undefined:undefined":13,"s:112:2:113:Infinity":47,"b:112:6:112:29:112:33:112:58":14,"s:113:4:113:Infinity":48,"b:115:2:116:Infinity:undefined:undefined:undefined:undefined":15,"s:115:2:116:Infinity":49,"b:115:6:115:19:115:19:115:33:115:33:115:48:115:48:115:62":16,"s:116:4:116:Infinity":50,"s:119:2:119:Infinity":51,"f:122:9:122:32":9,"s:123:15:123:39":52,"s:124:17:124:Infinity":53,"s:125:2:125:Infinity":54,"f:128:9:128:28":10,"s:129:16:129:45":55,"s:130:14:130:41":56,"b:131:2:132:Infinity:undefined:undefined:undefined:undefined":17,"s:131:2:132:Infinity":57,"b:131:6:131:24:131:24:131:38":18,"s:132:4:132:Infinity":58,"b:134:2:135:Infinity:undefined:undefined:undefined:undefined":19,"s:134:2:135:Infinity":59,"s:135:4:135:Infinity":60,"s:138:23:138:Infinity":61,"s:139:21:139:Infinity":62,"s:140:25:140:27":63,"s:142:2:143:Infinity":64,"s:142:20:142:34":65,"s:143:4:143:Infinity":66,"s:146:2:146:Infinity":67,"f:149:9:149:25":11,"s:150:28:150:56":68,"b:151:2:152:Infinity:undefined:undefined:undefined:undefined":20,"s:151:2:152:Infinity":69,"s:152:4:152:Infinity":70,"s:155:16:155:82":71,"f:155:21:155:26":12,"s:155:34:155:82":72,"b:156:2:157:Infinity:undefined:undefined:undefined:undefined":21,"s:156:2:157:Infinity":73,"s:157:4:157:Infinity":74,"s:160:19:162:66":75,"f:160:24:160:29":13,"s:160:37:162:65":76,"f:162:5:162:10":14,"s:162:18:162:64":77,"s:163:2:163:Infinity":78,"b:163:9:163:21:163:21:163:32:163:32:163:Infinity":22,"f:166:15:166:39":15,"s:167:20:167:Infinity":79,"s:168:25:168:47":80,"b:169:2:170:Infinity:undefined:undefined:undefined:undefined":23,"s:169:2:170:Infinity":81,"s:170:4:170:Infinity":82,"s:173:22:173:49":83,"s:174:18:174:74":84,"b:174:44:174:71:174:71:174:73":24,"b:175:2:176:Infinity:undefined:undefined:undefined:undefined":25,"s:175:2:176:Infinity":85,"s:176:4:176:Infinity":86,"s:179:18:179:38":87,"b:180:2:181:Infinity:undefined:undefined:undefined:undefined":26,"s:180:2:181:Infinity":88,"s:181:4:181:Infinity":89,"s:184:22:184:49":90,"s:185:19:185:54":91,"s:186:17:186:37":92,"s:188:2:198:Infinity":93,"s:189:21:189:Infinity":94,"s:190:26:190:47":95,"b:191:4:192:Infinity:undefined:undefined:undefined:undefined":27,"s:191:4:192:Infinity":96,"s:192:6:192:Infinity":97,"s:195:23:195:49":98,"s:196:23:196:54":99,"b:197:4:198:Infinity:undefined:undefined:undefined:undefined":28,"s:197:4:198:Infinity":100,"s:198:6:198:Infinity":101,"s:202:2:202:Infinity":102,"f:205:15:205:34":16,"s:206:20:206:Infinity":103,"s:207:25:207:47":104,"b:208:2:209:Infinity:undefined:undefined:undefined:undefined":29,"s:208:2:209:Infinity":105,"s:209:4:209:Infinity":106,"s:212:22:212:49":107,"s:213:18:213:74":108,"b:213:44:213:71:213:71:213:73":30,"b:214:2:215:Infinity:undefined:undefined:undefined:undefined":31,"s:214:2:215:Infinity":109,"s:215:4:215:Infinity":110,"s:218:2:218:Infinity":111,"f:221:15:221:50":17,"s:222:19:222:Infinity":112,"s:223:24:223:45":113,"b:224:2:225:Infinity:undefined:undefined:undefined:undefined":32,"s:224:2:225:Infinity":114,"s:225:4:225:Infinity":115,"s:228:21:228:47":116,"s:229:21:229:52":117,"s:230:2:230:Infinity":118,"b:230:39:230:52:230:52:230:Infinity":33,"f:233:22:233:Infinity":18,"s:239:18:239:34":119,"b:240:2:241:Infinity:undefined:undefined:undefined:undefined":34,"s:240:2:241:Infinity":120,"s:241:4:241:Infinity":121,"s:244:20:244:58":122,"b:245:2:246:Infinity:undefined:undefined:undefined:undefined":35,"s:245:2:246:Infinity":123,"s:246:4:246:Infinity":124,"b:249:2:271:Infinity:undefined:undefined:undefined:undefined":36,"s:249:2:271:Infinity":125,"s:250:20:250:54":126,"s:251:19:251:39":127,"s:253:29:253:31":128,"s:254:4:257:Infinity":129,"s:255:20:255:86":130,"b:256:6:257:Infinity:undefined:undefined:undefined:undefined":37,"s:256:6:257:Infinity":131,"s:257:8:257:Infinity":132,"b:261:4:267:Infinity:undefined:undefined:undefined:undefined":38,"s:261:4:267:Infinity":133,"s:262:22:262:Infinity":134,"f:262:29:262:37":19,"s:262:52:262:65":135,"s:263:6:267:Infinity":136,"b:270:4:271:Infinity:undefined:undefined:undefined:undefined":39,"s:270:4:271:Infinity":137,"s:271:6:271:Infinity":138,"b:275:2:276:Infinity:undefined:undefined:undefined:undefined":40,"s:275:2:276:Infinity":139,"s:276:4:276:Infinity":140,"s:279:17:284:4":141,"s:286:19:286:77":142,"b:287:2:288:Infinity:undefined:undefined:undefined:undefined":41,"s:287:2:288:Infinity":143,"s:288:4:288:Infinity":144,"s:291:16:291:37":145,"s:292:21:292:44":146,"b:293:2:294:Infinity:undefined:undefined:undefined:undefined":42,"s:293:2:294:Infinity":147,"s:294:4:294:Infinity":148,"s:297:2:297:Infinity":149,"f:300:22:300:48":20,"b:301:2:309:Infinity:undefined:undefined:undefined:undefined":43,"s:301:2:309:Infinity":150,"s:302:4:309:Infinity":151,"s:303:6:303:Infinity":152,"b:305:6:309:Infinity:undefined:undefined:undefined:undefined":44,"s:305:6:309:Infinity":153,"s:306:24:306:Infinity":154,"b:306:49:306:65:306:65:306:Infinity":45,"s:307:8:309:Infinity":155,"b:314:2:315:Infinity:undefined:undefined:undefined:undefined":46,"s:314:2:315:Infinity":156,"s:315:4:315:Infinity":157,"s:318:17:321:4":158,"s:323:19:323:77":159,"b:324:2:325:Infinity:undefined:undefined:undefined:undefined":47,"s:324:2:325:Infinity":160,"s:325:4:325:Infinity":161,"s:328:16:328:37":162,"s:329:21:329:44":163,"b:330:2:331:Infinity:undefined:undefined:undefined:undefined":48,"s:330:2:331:Infinity":164,"s:331:4:331:Infinity":165,"s:334:2:334:Infinity":166}}}
}
